<?xml version="1.0" encoding="utf-8"?><testsuites name="pytest tests"><testsuite name="pytest" errors="0" failures="0" skipped="0" tests="25" time="7.537" timestamp="2026-09-12T12:07:35.548447+00:00" hostname="agent-env-b90adc19-93ce-461e-8c8d-9883e2b324dd"><testcase classname="tests.test_bugs_verify" name="test_bug1b_list_pages_9_slugs" time="0.689" /><testcase classname="tests.test_bugs_verify" name="test_bug1b_public_trip_calculator_has_page_hero" time="0.119" /><testcase classname="tests.test_bugs_verify" name="test_bug1b_put_fleet_invalid_type_400" time="0.185" /><testcase classname="tests.test_bugs_verify" name="test_bug1b_site_settings_site_url_field" time="0.113" /><testcase classname="tests.test_bugs_verify" name="test_bug1b_site_settings_persist_and_reset" time="0.521" /><testcase classname="tests.test_bugs_verify" name="test_bug1_save_fleet_hero_override" time="0.484" /><testcase classname="tests.test_bugs_verify" name="test_bug2_roles_include_marketing_admin" time="0.000" /><testcase classname="tests.test_bugs_verify" name="test_bug2_create_marketing_admin_user" time="0.341" /><testcase classname="tests.test_bugs_verify" name="test_bug2_marketing_admin_rbac" time="0.837" /><testcase classname="tests.test_bugs_verify" name="test_bug3_delete_self_400" time="0.114" /><testcase classname="tests.test_bugs_verify" name="test_bug3_patch_own_role_400" time="0.118" /><testcase classname="tests.test_bugs_verify" name="test_bug3_delete_last_owner_400" time="0.117" /><testcase classname="tests.test_bugs_verify" name="test_bug3_update_password_and_relogin" time="0.706" /><testcase classname="tests.test_bugs_verify" name="test_bug3_set_status_nonaktif" time="0.123" /><testcase classname="tests.test_bugs_verify" name="test_bug3_delete_user" time="0.239" /><testcase classname="tests.test_bugs_verify" name="test_bug4_create_driver_with_new_account" time="0.363" /><testcase classname="tests.test_bugs_verify" name="test_bug4_login_as_new_driver_account" time="0.380" /><testcase classname="tests.test_bugs_verify" name="test_bug4_drivers_list_shows_account_email" time="0.123" /><testcase classname="tests.test_bugs_verify" name="test_bug4_duplicate_account_email_400" time="0.147" /><testcase classname="tests.test_bugs_verify" name="test_bug4_link_user_id_already_linked_400" time="0.234" /><testcase classname="tests.test_bugs_verify" name="test_bug4_drivers_accounts_endpoint_owner" time="0.128" /><testcase classname="tests.test_bugs_verify" name="test_bug4_drivers_accounts_ops_ok" time="0.461" /><testcase classname="tests.test_bugs_verify" name="test_bug4_drivers_accounts_marketing_403" time="0.488" /><testcase classname="tests.test_bugs_verify" name="test_bug4_unlink_driver_account" time="0.295" /><testcase classname="tests.test_bugs_verify" name="test_bug4_cleanup_driver" time="0.145" /></testsuite></testsuites>