<?xml version="1.0" encoding="utf-8"?><testsuites name="pytest tests"><testsuite name="pytest" errors="0" failures="0" skipped="0" tests="31" time="37.248" timestamp="2026-09-10T18:15:03.021424+00:00" hostname="agent-env-238af2c8-e97a-4895-b7d6-1ea6d17b9b46"><testcase classname="tests.test_documents_invoicing.TestNumbering" name="test_list_rules" time="0.804" /><testcase classname="tests.test_documents_invoicing.TestNumbering" name="test_preview_rule" time="0.145" /><testcase classname="tests.test_documents_invoicing.TestNumbering" name="test_save_rule_and_reset" time="0.325" /><testcase classname="tests.test_documents_invoicing.TestInvoicesE2E" name="test_quote_dp" time="1.358" /><testcase classname="tests.test_documents_invoicing.TestNumbering" name="test_missing_seq_rejected" time="0.127" /><testcase classname="tests.test_documents_invoicing.TestInvoicesE2E" name="test_create_dp_invoice_pdf_and_export" time="0.699" /><testcase classname="tests.test_documents_invoicing.TestNumbering" name="test_unknown_token_rejected" time="0.172" /><testcase classname="tests.test_documents_invoicing.TestDocLayouts" name="test_list_layouts_has_5_targets" time="0.152" /><testcase classname="tests.test_documents_invoicing.TestDocLayouts" name="test_get_invoice_dp_layout_shape" time="0.172" /><testcase classname="tests.test_documents_invoicing.TestDocLayouts" name="test_put_and_get_reflect_and_reset" time="0.467" /><testcase classname="tests.test_documents_invoicing.TestInvoicesE2E" name="test_settlement_invoice" time="0.215" /><testcase classname="tests.test_documents_invoicing.TestInvoicesE2E" name="test_create_invoice_booking_not_found" time="0.187" /><testcase classname="tests.test_documents_invoicing.TestDocLayouts" name="test_invalid_color_rejected" time="0.153" /><testcase classname="tests.test_documents_invoicing.TestInvoicesE2E" name="test_patch_invoice_status" time="30.633" /><testcase classname="tests.test_documents_invoicing.TestDocScript" name="test_get_script_and_placeholders" time="0.171" /><testcase classname="tests.test_documents_invoicing.TestDocScript" name="test_save_valid_script_and_reset" time="30.829" /><testcase classname="tests.test_documents_invoicing.TestInvoicesE2E" name="test_payment_syncs_invoice_status" time="0.411" /><testcase classname="tests.test_documents_invoicing.TestInvoicesE2E" name="test_dp_again_no_remaining_400" time="0.171" /><testcase classname="tests.test_documents_invoicing.TestDocScript" name="test_unknown_placeholder_rejected" time="0.143" /><testcase classname="tests.test_documents_invoicing.TestPreviewPdf" name="test_preview_invoice_dp" time="0.187" /><testcase classname="tests.test_documents_invoicing.TestInvoicesE2E" name="test_list_receipts" time="0.153" /><testcase classname="tests.test_documents_invoicing.TestInvoicesE2E" name="test_issue_receipt_idempotent_and_pdf" time="0.682" /><testcase classname="tests.test_documents_invoicing.TestPreviewPdf" name="test_preview_kwitansi" time="0.261" /><testcase classname="tests.test_documents_invoicing.TestPreviewPdf" name="test_preview_default" time="0.166" /><testcase classname="tests.test_documents_invoicing.TestInvoiceConfig" name="test_get_defaults" time="0.162" /><testcase classname="tests.test_documents_invoicing.TestInvoiceConfig" name="test_put_persists_and_bank_ids" time="0.274" /><testcase classname="tests.test_documents_invoicing.TestDocAssets" name="test_upload_png_and_use_in_preview" time="0.971" /><testcase classname="tests.test_documents_invoicing.TestRBAC" name="test_ops_can_read_but_not_write" time="1.326" /><testcase classname="tests.test_documents_invoicing.TestDocAssets" name="test_non_image_rejected" time="0.161" /><testcase classname="tests.test_documents_invoicing.TestReceipts" name="test_list_receipts_ok" time="0.184" /><testcase classname="tests.test_documents_invoicing.TestRBAC" name="test_driver_no_invoices" time="0.533" /></testsuite></testsuites>