<?xml version="1.0" encoding="utf-8"?><testsuites name="pytest tests"><testsuite name="pytest" errors="0" failures="0" skipped="0" tests="11" time="2.212" timestamp="2026-09-12T16:51:17.557152+00:00" hostname="agent-env-5eaa8860-06f9-4a25-917d-5888b234e131"><testcase classname="tests.test_content_import" name="test_db_counts_idempotent" time="0.091" /><testcase classname="tests.test_content_import" name="test_public_destinations_list" time="0.265" /><testcase classname="tests.test_content_import" name="test_public_destination_detail_pangandaran" time="0.138" /><testcase classname="tests.test_content_import" name="test_hero_image_served" time="0.273" /><testcase classname="tests.test_content_import" name="test_public_page_home_gallery_and_hero" time="0.155" /><testcase classname="tests.test_content_import" name="test_public_page_hero[destinations]" time="0.120" /><testcase classname="tests.test_content_import" name="test_public_page_hero[fleet]" time="0.119" /><testcase classname="tests.test_content_import" name="test_public_page_hero[about]" time="0.117" /><testcase classname="tests.test_content_import" name="test_public_page_hero[contact]" time="0.122" /><testcase classname="tests.test_content_import" name="test_cms_home_allowed_types_includes_gallery" time="0.490" /><testcase classname="tests.test_content_import" name="test_cms_home_roundtrip_preserves_gallery" time="0.227" /></testsuite></testsuites>