<?xml version="1.0" encoding="utf-8"?><testsuites name="pytest tests"><testsuite name="pytest" errors="0" failures="0" skipped="0" tests="9" time="4.054" timestamp="2026-09-12T12:37:23.763403+00:00" hostname="agent-env-b90adc19-93ce-461e-8c8d-9883e2b324dd"><testcase classname="tests.test_edit_delete_lists.TestLeads" name="test_create_patch_delete" time="1.609" /><testcase classname="tests.test_edit_delete_lists.TestQuotations" name="test_edit_and_delete_draft" time="1.561" /><testcase classname="tests.test_edit_delete_lists.TestQuotations" name="test_delete_accepted_400" time="0.762" /><testcase classname="tests.test_edit_delete_lists.TestLeads" name="test_delete_won_lead_400" time="0.434" /><testcase classname="tests.test_edit_delete_lists.TestLeads" name="test_delete_nonexistent_lead_404" time="0.125" /><testcase classname="tests.test_edit_delete_lists.TestQuotations" name="test_delete_nonexistent_quotation_404" time="0.113" /><testcase classname="tests.test_edit_delete_lists.TestExpenses" name="test_edit_delete_expense_and_booking_link" time="0.643" /><testcase classname="tests.test_edit_delete_lists.TestExpenses" name="test_delete_nonexistent_expense_404" time="0.118" /><testcase classname="tests.test_edit_delete_lists.TestExpenses" name="test_marketing_admin_forbidden" time="0.466" /></testsuite></testsuites>