<?xml version="1.0" encoding="utf-8"?><testsuites name="pytest tests"><testsuite name="pytest" errors="0" failures="0" skipped="0" tests="10" time="4.647" timestamp="2026-09-12T15:55:20.904181+00:00" hostname="agent-env-5eaa8860-06f9-4a25-917d-5888b234e131"><testcase classname="tests.test_edit_delete_completions.TestSubcharters" name="test_delete_requested_ok" time="1.091" /><testcase classname="tests.test_edit_delete_completions.TestBroadcasts" name="test_create_patch_delete" time="1.206" /><testcase classname="tests.test_edit_delete_completions.TestSubcharters" name="test_delete_confirmed_forbidden" time="0.624" /><testcase classname="tests.test_edit_delete_completions.TestBroadcasts" name="test_sent_cannot_edit_but_can_delete" time="1.013" /><testcase classname="tests.test_edit_delete_completions.TestSubcharters" name="test_delete_cancelled_ok" time="0.448" /><testcase classname="tests.test_edit_delete_completions.TestSubcharters" name="test_delete_settled_forbidden" time="0.793" /><testcase classname="tests.test_edit_delete_completions.TestBroadcasts" name="test_marketing_admin_access" time="0.574" /><testcase classname="tests.test_edit_delete_completions.TestInvoices" name="test_full_edit_delete_lifecycle" time="0.726" /><testcase classname="tests.test_edit_delete_completions.TestInvoices" name="test_delete_nonexistent" time="0.075" /><testcase classname="tests.test_edit_delete_completions.TestInvoices" name="test_patch_amount_zero_on_draft" time="0.379" /></testsuite></testsuites>