<?xml version="1.0" encoding="utf-8"?><testsuites name="pytest tests"><testsuite name="pytest" errors="0" failures="0" skipped="0" tests="8" time="3.439" timestamp="2026-09-12T18:09:34.864067+00:00" hostname="agent-env-ce3f1ccf-ec87-4b9c-ab2b-e79ea1038ba7"><testcase classname="tests.test_media_video_upload" name="test_upload_mov_as_octet_stream" time="0.691" /><testcase classname="tests.test_media_video_upload" name="test_upload_webm_empty_ct" time="0.132" /><testcase classname="tests.test_media_video_upload" name="test_upload_mp4" time="0.132" /><testcase classname="tests.test_media_video_upload" name="test_upload_avi_rejected" time="0.146" /><testcase classname="tests.test_media_video_upload" name="test_replace_with_mov_octet_stream" time="0.137" /><testcase classname="tests.test_media_video_upload" name="test_list_kind_video" time="0.206" /><testcase classname="tests.test_media_video_upload" name="test_public_read" time="0.118" /><testcase classname="tests.test_media_video_upload" name="test_upload_png_regression" time="1.797" /></testsuite></testsuites>