<?xml version="1.0" encoding="utf-8"?><testsuites name="pytest tests"><testsuite name="pytest" errors="0" failures="1" skipped="0" tests="6" time="5.189" timestamp="2026-09-12T12:15:10.697513+00:00" hostname="agent-env-b90adc19-93ce-461e-8c8d-9883e2b324dd"><testcase classname="tests.test_vehicle_status_sync.TestVehicleLifecycle" name="test_create_vehicle_default_available" time="1.507" /><testcase classname="tests.test_vehicle_status_sync.TestPublicSurfaces" name="test_public_fleet_publishing_toggle" time="2.196" /><testcase classname="tests.test_vehicle_status_sync.TestVehicleLifecycle" name="test_patch_lifecycle_inactive_then_active" time="0.486" /><testcase classname="tests.test_vehicle_status_sync.TestTripSync" name="test_full_trip_lifecycle_updates_statuses" time="2.859" /><testcase classname="tests.test_vehicle_status_sync.TestPublicSurfaces" name="test_public_quote_marks_busy_vehicle_unavailable" time="0.125"><failure message="AssertionError: {&quot;detail&quot;:&quot;Destinasi 'B' tidak ada di master destinasi. Pilih dari master (mis. Bali, Bandung, Dataran Tinggi Dieng, Gunung Bromo, Jakarta, Yogyakarta) atau tambahkan dulu di master destinasi.&quot;}&#10;assert 400 == 200&#10; +  where 400 = &lt;Response [400]&gt;.status_code">backend/tests/test_vehicle_status_sync.py:278: in test_public_quote_marks_busy_vehicle_unavailable
    assert r.status_code == 200, r.text
E   AssertionError: {"detail":"Destinasi 'B' tidak ada di master destinasi. Pilih dari master (mis. Bali, Bandung, Dataran Tinggi Dieng, Gunung Bromo, Jakarta, Yogyakarta) atau tambahkan dulu di master destinasi."}
E   assert 400 == 200
E    +  where 400 = &lt;Response [400]&gt;.status_code</failure></testcase><testcase classname="tests.test_vehicle_status_sync.TestMaintenanceSync" name="test_maintenance_in_progress_then_done" time="1.059" /></testsuite></testsuites>