<?xml version="1.0" encoding="utf-8"?><testsuites name="pytest tests"><testsuite name="pytest" errors="0" failures="0" skipped="0" tests="10" time="2.847" timestamp="2026-09-12T19:07:29.200360+00:00" hostname="agent-env-ce3f1ccf-ec87-4b9c-ab2b-e79ea1038ba7"><testcase classname="tests.test_video_range_and_cms.TestImageRegression" name="test_image_returns_200" time="0.773" /><testcase classname="tests.test_video_range_and_cms.TestVideoRange" name="test_full_get_returns_200_with_accept_ranges" time="0.930" /><testcase classname="tests.test_video_range_and_cms.TestImageRegression" name="test_image_thumb" time="0.114" /><testcase classname="tests.test_video_range_and_cms.TestVideoRange" name="test_range_prefix_returns_206" time="0.154" /><testcase classname="tests.test_video_range_and_cms.TestCMSHomePage" name="test_home_page_saves_video_urls" time="0.547" /><testcase classname="tests.test_video_range_and_cms.TestVideoRange" name="test_range_suffix_last_1000" time="0.140" /><testcase classname="tests.test_video_range_and_cms.TestVideoRange" name="test_range_out_of_bounds_416" time="0.151" /><testcase classname="tests.test_video_range_and_cms.TestVideoRange" name="test_kind_query_ignored" time="0.244" /><testcase classname="tests.test_video_range_and_cms.TestCMSDestination" name="test_destination_saves_video_hero_and_gallery" time="0.360" /><testcase classname="tests.test_video_range_and_cms.TestCMSVehicle" name="test_vehicle_saves_video_in_photos" time="0.718" /></testsuite></testsuites>