{"meta": {"format": 3, "version": "7.15.0", "timestamp": "2026-07-04T22:57:27.922805", "branch_coverage": true, "show_contexts": false}, "files": {"backend/routers/__init__.py": {"executed_lines": [], "summary": {"covered_lines": 0, "num_statements": 0, "percent_covered": 100.0, "percent_covered_display": "100.0", "missing_lines": 0, "excluded_lines": 0, "percent_statements_covered": 100.0, "percent_statements_covered_display": "100.0", "num_branches": 0, "num_partial_branches": 0, "covered_branches": 0, "missing_branches": 0, "percent_branches_covered": 100.0, "percent_branches_covered_display": "100.0"}, "missing_lines": [], "excluded_lines": [], "executed_branches": [], "missing_branches": [], "functions": {"": {"executed_lines": [], "summary": {"covered_lines": 0, "num_statements": 0, "percent_covered": 100.0, "percent_covered_display": "100.0", "missing_lines": 0, "excluded_lines": 0, "percent_statements_covered": 100.0, "percent_statements_covered_display": "100.0", "num_branches": 0, "num_partial_branches": 0, "covered_branches": 0, "missing_branches": 0, "percent_branches_covered": 100.0, "percent_branches_covered_display": "100.0"}, "missing_lines": [], "excluded_lines": [], "start_line": 1, "executed_branches": [], "missing_branches": []}}, "classes": {"": {"executed_lines": [], "summary": {"covered_lines": 0, "num_statements": 0, "percent_covered": 100.0, "percent_covered_display": "100.0", "missing_lines": 0, "excluded_lines": 0, "percent_statements_covered": 100.0, "percent_statements_covered_display": "100.0", "num_branches": 0, "num_partial_branches": 0, "covered_branches": 0, "missing_branches": 0, "percent_branches_covered": 100.0, "percent_branches_covered_display": "100.0"}, "missing_lines": [], "excluded_lines": [], "start_line": 1, "executed_branches": [], "missing_branches": []}}}, "backend/routers/analytics.py": {"executed_lines": [19, 21, 22, 24, 25, 26, 27, 28, 30, 31, 34, 35, 38, 39, 41, 44, 45, 47, 50, 51, 53, 54, 55, 58, 59, 61, 64, 65, 67, 70, 71, 72, 75, 76, 78, 81, 82, 83, 84, 87, 88, 89, 92, 93, 98, 99, 102, 103, 104, 105, 106, 112, 113], "summary": {"covered_lines": 53, "num_statements": 57, "percent_covered": 91.52542372881356, "percent_covered_display": "91.5", "missing_lines": 4, "excluded_lines": 0, "percent_statements_covered": 92.98245614035088, "percent_statements_covered_display": "93.0", "num_branches": 2, "num_partial_branches": 1, "covered_branches": 1, "missing_branches": 1, "percent_branches_covered": 50.0, "percent_branches_covered_display": "50.0"}, "missing_lines": [94, 95, 107, 108], "excluded_lines": [], "executed_branches": [[106, 112]], "missing_branches": [[106, 107]], "functions": {"_rng": {"executed_lines": [35], "summary": {"covered_lines": 1, "num_statements": 1, "percent_covered": 100.0, "percent_covered_display": "100.0", "missing_lines": 0, "excluded_lines": 0, "percent_statements_covered": 100.0, "percent_statements_covered_display": "100.0", "num_branches": 0, "num_partial_branches": 0, "covered_branches": 0, "missing_branches": 0, "percent_branches_covered": 100.0, "percent_branches_covered_display": "100.0"}, "missing_lines": [], "excluded_lines": [], "start_line": 34, "executed_branches": [], "missing_branches": []}, "get_summary": {"executed_lines": [41], "summary": {"covered_lines": 1, "num_statements": 1, "percent_covered": 100.0, "percent_covered_display": "100.0", "missing_lines": 0, "excluded_lines": 0, "percent_statements_covered": 100.0, "percent_statements_covered_display": "100.0", "num_branches": 0, "num_partial_branches": 0, "covered_branches": 0, "missing_branches": 0, "percent_branches_covered": 100.0, "percent_branches_covered_display": "100.0"}, "missing_lines": [], "excluded_lines": [], "start_line": 39, "executed_branches": [], "missing_branches": []}, "get_funnel": {"executed_lines": [47], "summary": {"covered_lines": 1, "num_statements": 1, "percent_covered": 100.0, "percent_covered_display": "100.0", "missing_lines": 0, "excluded_lines": 0, "percent_statements_covered": 100.0, "percent_statements_covered_display": "100.0", "num_branches": 0, "num_partial_branches": 0, "covered_branches": 0, "missing_branches": 0, "percent_branches_covered": 100.0, "percent_branches_covered_display": "100.0"}, "missing_lines": [], "excluded_lines": [], "start_line": 45, "executed_branches": [], "missing_branches": []}, "get_channels": {"executed_lines": [53, 54, 55], "summary": {"covered_lines": 3, "num_statements": 3, "percent_covered": 100.0, "percent_covered_display": "100.0", "missing_lines": 0, "excluded_lines": 0, "percent_statements_covered": 100.0, "percent_statements_covered_display": "100.0", "num_branches": 0, "num_partial_branches": 0, "covered_branches": 0, "missing_branches": 0, "percent_branches_covered": 100.0, "percent_branches_covered_display": "100.0"}, "missing_lines": [], "excluded_lines": [], "start_line": 51, "executed_branches": [], "missing_branches": []}, "get_fleet": {"executed_lines": [61], "summary": {"covered_lines": 1, "num_statements": 1, "percent_covered": 100.0, "percent_covered_display": "100.0", "missing_lines": 0, "excluded_lines": 0, "percent_statements_covered": 100.0, "percent_statements_covered_display": "100.0", "num_branches": 0, "num_partial_branches": 0, "covered_branches": 0, "missing_branches": 0, "percent_branches_covered": 100.0, "percent_branches_covered_display": "100.0"}, "missing_lines": [], "excluded_lines": [], "start_line": 59, "executed_branches": [], "missing_branches": []}, "get_drivers": {"executed_lines": [67], "summary": {"covered_lines": 1, "num_statements": 1, "percent_covered": 100.0, "percent_covered_display": "100.0", "missing_lines": 0, "excluded_lines": 0, "percent_statements_covered": 100.0, "percent_statements_covered_display": "100.0", "num_branches": 0, "num_partial_branches": 0, "covered_branches": 0, "missing_branches": 0, "percent_branches_covered": 100.0, "percent_branches_covered_display": "100.0"}, "missing_lines": [], "excluded_lines": [], "start_line": 65, "executed_branches": [], "missing_branches": []}, "get_ar_aging": {"executed_lines": [72], "summary": {"covered_lines": 1, "num_statements": 1, "percent_covered": 100.0, "percent_covered_display": "100.0", "missing_lines": 0, "excluded_lines": 0, "percent_statements_covered": 100.0, "percent_statements_covered_display": "100.0", "num_branches": 0, "num_partial_branches": 0, "covered_branches": 0, "missing_branches": 0, "percent_branches_covered": 100.0, "percent_branches_covered_display": "100.0"}, "missing_lines": [], "excluded_lines": [], "start_line": 71, "executed_branches": [], "missing_branches": []}, "get_retention": {"executed_lines": [78], "summary": {"covered_lines": 1, "num_statements": 1, "percent_covered": 100.0, "percent_covered_display": "100.0", "missing_lines": 0, "excluded_lines": 0, "percent_statements_covered": 100.0, "percent_statements_covered_display": "100.0", "num_branches": 0, "num_partial_branches": 0, "covered_branches": 0, "missing_branches": 0, "percent_branches_covered": 100.0, "percent_branches_covered_display": "100.0"}, "missing_lines": [], "excluded_lines": [], "start_line": 76, "executed_branches": [], "missing_branches": []}, "get_forecast": {"executed_lines": [83, 84], "summary": {"covered_lines": 2, "num_statements": 2, "percent_covered": 100.0, "percent_covered_display": "100.0", "missing_lines": 0, "excluded_lines": 0, "percent_statements_covered": 100.0, "percent_statements_covered_display": "100.0", "num_branches": 0, "num_partial_branches": 0, "covered_branches": 0, "missing_branches": 0, "percent_branches_covered": 100.0, "percent_branches_covered_display": "100.0"}, "missing_lines": [], "excluded_lines": [], "start_line": 82, "executed_branches": [], "missing_branches": []}, "get_ad_spend": {"executed_lines": [89], "summary": {"covered_lines": 1, "num_statements": 1, "percent_covered": 100.0, "percent_covered_display": "100.0", "missing_lines": 0, "excluded_lines": 0, "percent_statements_covered": 100.0, "percent_statements_covered_display": "100.0", "num_branches": 0, "num_partial_branches": 0, "covered_branches": 0, "missing_branches": 0, "percent_branches_covered": 100.0, "percent_branches_covered_display": "100.0"}, "missing_lines": [], "excluded_lines": [], "start_line": 88, "executed_branches": [], "missing_branches": []}, "put_ad_spend": {"executed_lines": [], "summary": {"covered_lines": 0, "num_statements": 2, "percent_covered": 0.0, "percent_covered_display": "0.0", "missing_lines": 2, "excluded_lines": 0, "percent_statements_covered": 0.0, "percent_statements_covered_display": "0.0", "num_branches": 0, "num_partial_branches": 0, "covered_branches": 0, "missing_branches": 0, "percent_branches_covered": 100.0, "percent_branches_covered_display": "100.0"}, "missing_lines": [94, 95], "excluded_lines": [], "start_line": 93, "executed_branches": [], "missing_branches": []}, "export_cockpit": {"executed_lines": [102, 103, 104, 105, 106, 112, 113], "summary": {"covered_lines": 7, "num_statements": 9, "percent_covered": 72.72727272727273, "percent_covered_display": "72.7", "missing_lines": 2, "excluded_lines": 0, "percent_statements_covered": 77.77777777777777, "percent_statements_covered_display": "77.8", "num_branches": 2, "num_partial_branches": 1, "covered_branches": 1, "missing_branches": 1, "percent_branches_covered": 50.0, "percent_branches_covered_display": "50.0"}, "missing_lines": [107, 108], "excluded_lines": [], "start_line": 99, "executed_branches": [[106, 112]], "missing_branches": [[106, 107]]}, "": {"executed_lines": [19, 21, 22, 24, 25, 26, 27, 28, 30, 31, 34, 38, 39, 44, 45, 50, 51, 58, 59, 64, 65, 70, 71, 75, 76, 81, 82, 87, 88, 92, 93, 98, 99], "summary": {"covered_lines": 33, "num_statements": 33, "percent_covered": 100.0, "percent_covered_display": "100.0", "missing_lines": 0, "excluded_lines": 0, "percent_statements_covered": 100.0, "percent_statements_covered_display": "100.0", "num_branches": 0, "num_partial_branches": 0, "covered_branches": 0, "missing_branches": 0, "percent_branches_covered": 100.0, "percent_branches_covered_display": "100.0"}, "missing_lines": [], "excluded_lines": [], "start_line": 1, "executed_branches": [], "missing_branches": []}}, "classes": {"": {"executed_lines": [19, 21, 22, 24, 25, 26, 27, 28, 30, 31, 34, 35, 38, 39, 41, 44, 45, 47, 50, 51, 53, 54, 55, 58, 59, 61, 64, 65, 67, 70, 71, 72, 75, 76, 78, 81, 82, 83, 84, 87, 88, 89, 92, 93, 98, 99, 102, 103, 104, 105, 106, 112, 113], "summary": {"covered_lines": 53, "num_statements": 57, "percent_covered": 91.52542372881356, "percent_covered_display": "91.5", "missing_lines": 4, "excluded_lines": 0, "percent_statements_covered": 92.98245614035088, "percent_statements_covered_display": "93.0", "num_branches": 2, "num_partial_branches": 1, "covered_branches": 1, "missing_branches": 1, "percent_branches_covered": 50.0, "percent_branches_covered_display": "50.0"}, "missing_lines": [94, 95, 107, 108], "excluded_lines": [], "start_line": 1, "executed_branches": [[106, 112]], "missing_branches": [[106, 107]]}}}, "backend/routers/audit_logs.py": {"executed_lines": [7, 9, 10, 11, 13, 14, 17, 18, 26, 27, 29, 31, 37, 38], "summary": {"covered_lines": 14, "num_statements": 18, "percent_covered": 70.83333333333333, "percent_covered_display": "70.8", "missing_lines": 4, "excluded_lines": 0, "percent_statements_covered": 77.77777777777777, "percent_statements_covered_display": "77.8", "num_branches": 6, "num_partial_branches": 3, "covered_branches": 3, "missing_branches": 3, "percent_branches_covered": 50.0, "percent_branches_covered_display": "50.0"}, "missing_lines": [28, 30, 32, 33], "excluded_lines": [], "executed_branches": [[27, 29], [29, 31], [31, 37]], "missing_branches": [[27, 28], [29, 30], [31, 32]], "functions": {"list_audit_logs": {"executed_lines": [26, 27, 29, 31, 37, 38], "summary": {"covered_lines": 6, "num_statements": 10, "percent_covered": 56.25, "percent_covered_display": "56.2", "missing_lines": 4, "excluded_lines": 0, "percent_statements_covered": 60.0, "percent_statements_covered_display": "60.0", "num_branches": 6, "num_partial_branches": 3, "covered_branches": 3, "missing_branches": 3, "percent_branches_covered": 50.0, "percent_branches_covered_display": "50.0"}, "missing_lines": [28, 30, 32, 33], "excluded_lines": [], "start_line": 18, "executed_branches": [[27, 29], [29, 31], [31, 37]], "missing_branches": [[27, 28], [29, 30], [31, 32]]}, "": {"executed_lines": [7, 9, 10, 11, 13, 14, 17, 18], "summary": {"covered_lines": 8, "num_statements": 8, "percent_covered": 100.0, "percent_covered_display": "100.0", "missing_lines": 0, "excluded_lines": 0, "percent_statements_covered": 100.0, "percent_statements_covered_display": "100.0", "num_branches": 0, "num_partial_branches": 0, "covered_branches": 0, "missing_branches": 0, "percent_branches_covered": 100.0, "percent_branches_covered_display": "100.0"}, "missing_lines": [], "excluded_lines": [], "start_line": 1, "executed_branches": [], "missing_branches": []}}, "classes": {"": {"executed_lines": [7, 9, 10, 11, 13, 14, 17, 18, 26, 27, 29, 31, 37, 38], "summary": {"covered_lines": 14, "num_statements": 18, "percent_covered": 70.83333333333333, "percent_covered_display": "70.8", "missing_lines": 4, "excluded_lines": 0, "percent_statements_covered": 77.77777777777777, "percent_statements_covered_display": "77.8", "num_branches": 6, "num_partial_branches": 3, "covered_branches": 3, "missing_branches": 3, "percent_branches_covered": 50.0, "percent_branches_covered_display": "50.0"}, "missing_lines": [28, 30, 32, 33], "excluded_lines": [], "start_line": 1, "executed_branches": [[27, 29], [29, 31], [31, 37]], "missing_branches": [[27, 28], [29, 30], [31, 32]]}}}, "backend/routers/auth.py": {"executed_lines": [8, 10, 12, 13, 14, 15, 16, 17, 19, 21, 22, 23, 26, 27, 30, 31, 32, 33, 34, 35, 38, 44, 45, 51, 57, 64, 65, 66, 67, 68, 72, 74, 75, 78, 79, 80, 83, 84], "summary": {"covered_lines": 38, "num_statements": 59, "percent_covered": 57.534246575342465, "percent_covered_display": "57.5", "missing_lines": 21, "excluded_lines": 0, "percent_statements_covered": 64.40677966101696, "percent_statements_covered_display": "64.4", "num_branches": 14, "num_partial_branches": 4, "covered_branches": 4, "missing_branches": 10, "percent_branches_covered": 28.571428571428573, "percent_branches_covered_display": "28.6"}, "missing_lines": [39, 41, 46, 47, 49, 52, 54, 58, 59, 61, 62, 85, 86, 87, 88, 89, 90, 91, 92, 93, 95], "excluded_lines": [], "executed_branches": [[38, 44], [45, 51], [51, 57], [57, 64]], "missing_branches": [[38, 39], [45, 46], [51, 52], [57, 58], [86, 87], [86, 95], [90, 91], [90, 95], [92, 93], [92, 95]], "functions": {"_actor": {"executed_lines": [27], "summary": {"covered_lines": 1, "num_statements": 1, "percent_covered": 100.0, "percent_covered_display": "100.0", "missing_lines": 0, "excluded_lines": 0, "percent_statements_covered": 100.0, "percent_statements_covered_display": "100.0", "num_branches": 0, "num_partial_branches": 0, "covered_branches": 0, "missing_branches": 0, "percent_branches_covered": 100.0, "percent_branches_covered_display": "100.0"}, "missing_lines": [], "excluded_lines": [], "start_line": 26, "executed_branches": [], "missing_branches": []}, "login": {"executed_lines": [32, 33, 34, 35, 38, 44, 45, 51, 57, 64, 65, 66, 67, 68, 72, 74, 75], "summary": {"covered_lines": 17, "num_statements": 28, "percent_covered": 58.333333333333336, "percent_covered_display": "58.3", "missing_lines": 11, "excluded_lines": 0, "percent_statements_covered": 60.714285714285715, "percent_statements_covered_display": "60.7", "num_branches": 8, "num_partial_branches": 4, "covered_branches": 4, "missing_branches": 4, "percent_branches_covered": 50.0, "percent_branches_covered_display": "50.0"}, "missing_lines": [39, 41, 46, 47, 49, 52, 54, 58, 59, 61, 62], "excluded_lines": [], "start_line": 31, "executed_branches": [[38, 44], [45, 51], [51, 57], [57, 64]], "missing_branches": [[38, 39], [45, 46], [51, 52], [57, 58]]}, "me": {"executed_lines": [80], "summary": {"covered_lines": 1, "num_statements": 1, "percent_covered": 100.0, "percent_covered_display": "100.0", "missing_lines": 0, "excluded_lines": 0, "percent_statements_covered": 100.0, "percent_statements_covered_display": "100.0", "num_branches": 0, "num_partial_branches": 0, "covered_branches": 0, "missing_branches": 0, "percent_branches_covered": 100.0, "percent_branches_covered_display": "100.0"}, "missing_lines": [], "excluded_lines": [], "start_line": 79, "executed_branches": [], "missing_branches": []}, "logout": {"executed_lines": [], "summary": {"covered_lines": 0, "num_statements": 10, "percent_covered": 0.0, "percent_covered_display": "0.0", "missing_lines": 10, "excluded_lines": 0, "percent_statements_covered": 0.0, "percent_statements_covered_display": "0.0", "num_branches": 6, "num_partial_branches": 0, "covered_branches": 0, "missing_branches": 6, "percent_branches_covered": 0.0, "percent_branches_covered_display": "0.0"}, "missing_lines": [85, 86, 87, 88, 89, 90, 91, 92, 93, 95], "excluded_lines": [], "start_line": 84, "executed_branches": [], "missing_branches": [[86, 87], [86, 95], [90, 91], [90, 95], [92, 93], [92, 95]]}, "": {"executed_lines": [8, 10, 12, 13, 14, 15, 16, 17, 19, 21, 22, 23, 26, 30, 31, 78, 79, 83, 84], "summary": {"covered_lines": 19, "num_statements": 19, "percent_covered": 100.0, "percent_covered_display": "100.0", "missing_lines": 0, "excluded_lines": 0, "percent_statements_covered": 100.0, "percent_statements_covered_display": "100.0", "num_branches": 0, "num_partial_branches": 0, "covered_branches": 0, "missing_branches": 0, "percent_branches_covered": 100.0, "percent_branches_covered_display": "100.0"}, "missing_lines": [], "excluded_lines": [], "start_line": 1, "executed_branches": [], "missing_branches": []}}, "classes": {"": {"executed_lines": [8, 10, 12, 13, 14, 15, 16, 17, 19, 21, 22, 23, 26, 27, 30, 31, 32, 33, 34, 35, 38, 44, 45, 51, 57, 64, 65, 66, 67, 68, 72, 74, 75, 78, 79, 80, 83, 84], "summary": {"covered_lines": 38, "num_statements": 59, "percent_covered": 57.534246575342465, "percent_covered_display": "57.5", "missing_lines": 21, "excluded_lines": 0, "percent_statements_covered": 64.40677966101696, "percent_statements_covered_display": "64.4", "num_branches": 14, "num_partial_branches": 4, "covered_branches": 4, "missing_branches": 10, "percent_branches_covered": 28.571428571428573, "percent_branches_covered_display": "28.6"}, "missing_lines": [39, 41, 46, 47, 49, 52, 54, 58, 59, 61, 62, 85, 86, 87, 88, 89, 90, 91, 92, 93, 95], "excluded_lines": [], "start_line": 1, "executed_branches": [[38, 44], [45, 51], [51, 57], [57, 64]], "missing_branches": [[38, 39], [45, 46], [51, 52], [57, 58], [86, 87], [86, 95], [90, 91], [90, 95], [92, 93], [92, 95]]}}}, "backend/routers/automation.py": {"executed_lines": [7, 9, 11, 12, 13, 14, 15, 16, 17, 19, 20, 21, 24, 25, 26, 32, 33, 34, 35, 36, 37, 38, 39, 40, 41, 42, 43, 44, 48, 49, 57, 58, 61, 62, 64, 66, 68, 69, 72, 73, 75, 76, 78, 79, 82, 83, 94, 95, 97, 98, 100, 102, 103, 106, 107, 125, 126, 127, 128, 129, 133, 134, 162, 163], "summary": {"covered_lines": 64, "num_statements": 116, "percent_covered": 46.71052631578947, "percent_covered_display": "46.7", "missing_lines": 52, "excluded_lines": 0, "percent_statements_covered": 55.172413793103445, "percent_statements_covered_display": "55.2", "num_branches": 36, "num_partial_branches": 7, "covered_branches": 7, "missing_branches": 29, "percent_branches_covered": 19.444444444444443, "percent_branches_covered_display": "19.4"}, "missing_lines": [63, 65, 67, 77, 85, 86, 87, 88, 89, 91, 99, 101, 108, 109, 110, 111, 112, 119, 120, 122, 130, 135, 136, 137, 138, 139, 140, 141, 142, 143, 144, 145, 146, 147, 148, 149, 150, 151, 152, 153, 154, 155, 156, 157, 159, 164, 165, 166, 167, 168, 169, 171], "excluded_lines": [], "executed_branches": [[62, 64], [64, 66], [66, 68], [76, 78], [98, 100], [100, 102], [128, 129]], "missing_branches": [[62, 63], [64, 65], [66, 67], [76, 77], [98, 99], [100, 101], [109, 110], [109, 111], [128, 130], [137, 138], [137, 139], [140, 141], [140, 142], [142, 143], [142, 144], [144, 145], [144, 148], [145, 146], [145, 147], [148, 149], [148, 150], [150, 151], [150, 152], [152, 153], [152, 154], [154, 155], [154, 159], [166, 167], [166, 168]], "functions": {"list_event_types": {"executed_lines": [26], "summary": {"covered_lines": 1, "num_statements": 1, "percent_covered": 100.0, "percent_covered_display": "100.0", "missing_lines": 0, "excluded_lines": 0, "percent_statements_covered": 100.0, "percent_statements_covered_display": "100.0", "num_branches": 0, "num_partial_branches": 0, "covered_branches": 0, "missing_branches": 0, "percent_branches_covered": 100.0, "percent_branches_covered_display": "100.0"}, "missing_lines": [], "excluded_lines": [], "start_line": 25, "executed_branches": [], "missing_branches": []}, "automation_stats": {"executed_lines": [34, 35, 36, 37, 38, 39, 40, 41, 42, 43, 44, 48, 49], "summary": {"covered_lines": 13, "num_statements": 13, "percent_covered": 100.0, "percent_covered_display": "100.0", "missing_lines": 0, "excluded_lines": 0, "percent_statements_covered": 100.0, "percent_statements_covered_display": "100.0", "num_branches": 0, "num_partial_branches": 0, "covered_branches": 0, "missing_branches": 0, "percent_branches_covered": 100.0, "percent_branches_covered_display": "100.0"}, "missing_lines": [], "excluded_lines": [], "start_line": 33, "executed_branches": [], "missing_branches": []}, "list_runs": {"executed_lines": [61, 62, 64, 66, 68, 69], "summary": {"covered_lines": 6, "num_statements": 9, "percent_covered": 60.0, "percent_covered_display": "60.0", "missing_lines": 3, "excluded_lines": 0, "percent_statements_covered": 66.66666666666667, "percent_statements_covered_display": "66.7", "num_branches": 6, "num_partial_branches": 3, "covered_branches": 3, "missing_branches": 3, "percent_branches_covered": 50.0, "percent_branches_covered_display": "50.0"}, "missing_lines": [63, 65, 67], "excluded_lines": [], "start_line": 58, "executed_branches": [[62, 64], [64, 66], [66, 68]], "missing_branches": [[62, 63], [64, 65], [66, 67]]}, "list_events": {"executed_lines": [75, 76, 78, 79], "summary": {"covered_lines": 4, "num_statements": 5, "percent_covered": 71.42857142857143, "percent_covered_display": "71.4", "missing_lines": 1, "excluded_lines": 0, "percent_statements_covered": 80.0, "percent_statements_covered_display": "80.0", "num_branches": 2, "num_partial_branches": 1, "covered_branches": 1, "missing_branches": 1, "percent_branches_covered": 50.0, "percent_branches_covered_display": "50.0"}, "missing_lines": [77], "excluded_lines": [], "start_line": 73, "executed_branches": [[76, 78]], "missing_branches": [[76, 77]]}, "reset_defaults": {"executed_lines": [], "summary": {"covered_lines": 0, "num_statements": 6, "percent_covered": 0.0, "percent_covered_display": "0.0", "missing_lines": 6, "excluded_lines": 0, "percent_statements_covered": 0.0, "percent_statements_covered_display": "0.0", "num_branches": 0, "num_partial_branches": 0, "covered_branches": 0, "missing_branches": 0, "percent_branches_covered": 100.0, "percent_branches_covered_display": "100.0"}, "missing_lines": [85, 86, 87, 88, 89, 91], "excluded_lines": [], "start_line": 83, "executed_branches": [], "missing_branches": []}, "list_rules": {"executed_lines": [97, 98, 100, 102, 103], "summary": {"covered_lines": 5, "num_statements": 7, "percent_covered": 63.63636363636363, "percent_covered_display": "63.6", "missing_lines": 2, "excluded_lines": 0, "percent_statements_covered": 71.42857142857143, "percent_statements_covered_display": "71.4", "num_branches": 4, "num_partial_branches": 2, "covered_branches": 2, "missing_branches": 2, "percent_branches_covered": 50.0, "percent_branches_covered_display": "50.0"}, "missing_lines": [99, 101], "excluded_lines": [], "start_line": 95, "executed_branches": [[98, 100], [100, 102]], "missing_branches": [[98, 99], [100, 101]]}, "create_rule": {"executed_lines": [], "summary": {"covered_lines": 0, "num_statements": 8, "percent_covered": 0.0, "percent_covered_display": "0.0", "missing_lines": 8, "excluded_lines": 0, "percent_statements_covered": 0.0, "percent_statements_covered_display": "0.0", "num_branches": 2, "num_partial_branches": 0, "covered_branches": 0, "missing_branches": 2, "percent_branches_covered": 0.0, "percent_branches_covered_display": "0.0"}, "missing_lines": [108, 109, 110, 111, 112, 119, 120, 122], "excluded_lines": [], "start_line": 107, "executed_branches": [], "missing_branches": [[109, 110], [109, 111]]}, "get_rule": {"executed_lines": [127, 128, 129], "summary": {"covered_lines": 3, "num_statements": 4, "percent_covered": 66.66666666666667, "percent_covered_display": "66.7", "missing_lines": 1, "excluded_lines": 0, "percent_statements_covered": 75.0, "percent_statements_covered_display": "75.0", "num_branches": 2, "num_partial_branches": 1, "covered_branches": 1, "missing_branches": 1, "percent_branches_covered": 50.0, "percent_branches_covered_display": "50.0"}, "missing_lines": [130], "excluded_lines": [], "start_line": 126, "executed_branches": [[128, 129]], "missing_branches": [[128, 130]]}, "update_rule": {"executed_lines": [], "summary": {"covered_lines": 0, "num_statements": 24, "percent_covered": 0.0, "percent_covered_display": "0.0", "missing_lines": 24, "excluded_lines": 0, "percent_statements_covered": 0.0, "percent_statements_covered_display": "0.0", "num_branches": 18, "num_partial_branches": 0, "covered_branches": 0, "missing_branches": 18, "percent_branches_covered": 0.0, "percent_branches_covered_display": "0.0"}, "missing_lines": [135, 136, 137, 138, 139, 140, 141, 142, 143, 144, 145, 146, 147, 148, 149, 150, 151, 152, 153, 154, 155, 156, 157, 159], "excluded_lines": [], "start_line": 134, "executed_branches": [], "missing_branches": [[137, 138], [137, 139], [140, 141], [140, 142], [142, 143], [142, 144], [144, 145], [144, 148], [145, 146], [145, 147], [148, 149], [148, 150], [150, 151], [150, 152], [152, 153], [152, 154], [154, 155], [154, 159]]}, "delete_rule": {"executed_lines": [], "summary": {"covered_lines": 0, "num_statements": 7, "percent_covered": 0.0, "percent_covered_display": "0.0", "missing_lines": 7, "excluded_lines": 0, "percent_statements_covered": 0.0, "percent_statements_covered_display": "0.0", "num_branches": 2, "num_partial_branches": 0, "covered_branches": 0, "missing_branches": 2, "percent_branches_covered": 0.0, "percent_branches_covered_display": "0.0"}, "missing_lines": [164, 165, 166, 167, 168, 169, 171], "excluded_lines": [], "start_line": 163, "executed_branches": [], "missing_branches": [[166, 167], [166, 168]]}, "": {"executed_lines": [7, 9, 11, 12, 13, 14, 15, 16, 17, 19, 20, 21, 24, 25, 32, 33, 57, 58, 72, 73, 82, 83, 94, 95, 106, 107, 125, 126, 133, 134, 162, 163], "summary": {"covered_lines": 32, "num_statements": 32, "percent_covered": 100.0, "percent_covered_display": "100.0", "missing_lines": 0, "excluded_lines": 0, "percent_statements_covered": 100.0, "percent_statements_covered_display": "100.0", "num_branches": 0, "num_partial_branches": 0, "covered_branches": 0, "missing_branches": 0, "percent_branches_covered": 100.0, "percent_branches_covered_display": "100.0"}, "missing_lines": [], "excluded_lines": [], "start_line": 1, "executed_branches": [], "missing_branches": []}}, "classes": {"": {"executed_lines": [7, 9, 11, 12, 13, 14, 15, 16, 17, 19, 20, 21, 24, 25, 26, 32, 33, 34, 35, 36, 37, 38, 39, 40, 41, 42, 43, 44, 48, 49, 57, 58, 61, 62, 64, 66, 68, 69, 72, 73, 75, 76, 78, 79, 82, 83, 94, 95, 97, 98, 100, 102, 103, 106, 107, 125, 126, 127, 128, 129, 133, 134, 162, 163], "summary": {"covered_lines": 64, "num_statements": 116, "percent_covered": 46.71052631578947, "percent_covered_display": "46.7", "missing_lines": 52, "excluded_lines": 0, "percent_statements_covered": 55.172413793103445, "percent_statements_covered_display": "55.2", "num_branches": 36, "num_partial_branches": 7, "covered_branches": 7, "missing_branches": 29, "percent_branches_covered": 19.444444444444443, "percent_branches_covered_display": "19.4"}, "missing_lines": [63, 65, 67, 77, 85, 86, 87, 88, 89, 91, 99, 101, 108, 109, 110, 111, 112, 119, 120, 122, 130, 135, 136, 137, 138, 139, 140, 141, 142, 143, 144, 145, 146, 147, 148, 149, 150, 151, 152, 153, 154, 155, 156, 157, 159, 164, 165, 166, 167, 168, 169, 171], "excluded_lines": [], "start_line": 1, "executed_branches": [[62, 64], [64, 66], [66, 68], [76, 78], [98, 100], [100, 102], [128, 129]], "missing_branches": [[62, 63], [64, 65], [66, 67], [76, 77], [98, 99], [100, 101], [109, 110], [109, 111], [128, 130], [137, 138], [137, 139], [140, 141], [140, 142], [142, 143], [142, 144], [144, 145], [144, 148], [145, 146], [145, 147], [148, 149], [148, 150], [150, 151], [150, 152], [152, 153], [152, 154], [154, 155], [154, 159], [166, 167], [166, 168]]}}}, "backend/routers/bookings.py": {"executed_lines": [7, 9, 10, 11, 13, 14, 15, 16, 17, 18, 19, 20, 21, 22, 24, 26, 29, 31, 32, 33, 34, 44, 49, 54, 56, 59, 60, 63, 64, 66, 68, 70, 71, 74, 75, 76, 77, 79, 84, 87, 88, 91, 92, 100, 101, 102, 103, 104, 106, 107, 109, 110, 114, 116, 117, 118, 120, 123, 124, 125, 126, 127, 128, 129, 130, 134, 139, 140, 144, 152, 154, 155, 156, 157, 168, 183, 184, 185, 188, 189, 192, 194, 195, 196, 199, 200, 316, 317, 318, 319, 320, 322, 323, 324, 325, 328, 329, 366, 379, 380, 412, 415, 416, 418, 422, 423, 424, 427, 428, 431, 432, 433, 436, 440, 441, 444, 445, 446, 450, 452, 455, 456, 457, 458, 464, 465, 470, 471, 479, 484, 508, 534, 535, 536, 540, 541, 542, 547, 549, 552, 553, 554, 555, 556, 558, 561, 562, 567, 568, 569, 571, 572, 573, 574, 575, 578, 580, 581, 583, 586, 587, 648, 649, 709, 710], "summary": {"covered_lines": 165, "num_statements": 479, "percent_covered": 29.635036496350367, "percent_covered_display": "29.6", "missing_lines": 314, "excluded_lines": 0, "percent_statements_covered": 34.446764091858036, "percent_statements_covered_display": "34.4", "num_branches": 206, "num_partial_branches": 36, "covered_branches": 38, "missing_branches": 168, "percent_branches_covered": 18.446601941747574, "percent_branches_covered_display": "18.4"}, "missing_lines": [45, 50, 65, 67, 69, 78, 93, 94, 95, 105, 108, 111, 112, 113, 115, 119, 121, 131, 132, 135, 136, 137, 145, 146, 147, 148, 149, 151, 158, 159, 160, 161, 162, 163, 186, 187, 190, 191, 204, 205, 206, 207, 208, 209, 210, 211, 212, 213, 214, 215, 216, 217, 218, 219, 220, 221, 222, 223, 224, 225, 226, 227, 228, 229, 230, 231, 232, 233, 234, 235, 236, 237, 238, 239, 240, 241, 242, 243, 244, 245, 247, 248, 249, 252, 253, 254, 255, 256, 257, 258, 259, 260, 263, 264, 265, 266, 267, 268, 269, 270, 272, 273, 274, 275, 276, 277, 278, 279, 280, 283, 295, 296, 297, 298, 301, 302, 303, 304, 305, 306, 312, 321, 330, 331, 332, 333, 334, 335, 336, 337, 338, 339, 340, 341, 342, 343, 347, 348, 351, 352, 355, 356, 358, 359, 360, 361, 362, 363, 367, 368, 369, 370, 371, 372, 373, 374, 375, 376, 381, 382, 383, 384, 387, 388, 390, 391, 392, 394, 396, 397, 398, 399, 400, 402, 403, 405, 406, 408, 409, 429, 437, 447, 451, 453, 459, 460, 461, 462, 463, 466, 485, 487, 490, 491, 501, 503, 504, 509, 510, 513, 514, 515, 533, 557, 559, 563, 564, 579, 590, 591, 592, 593, 594, 595, 596, 597, 598, 599, 600, 601, 602, 603, 604, 605, 606, 608, 609, 610, 611, 612, 613, 614, 615, 616, 617, 618, 620, 621, 623, 624, 625, 626, 627, 628, 630, 633, 634, 636, 637, 638, 643, 645, 652, 653, 654, 655, 656, 657, 658, 659, 660, 661, 662, 663, 664, 665, 666, 668, 669, 670, 671, 672, 673, 674, 675, 676, 677, 678, 679, 680, 682, 683, 684, 685, 686, 687, 688, 689, 691, 692, 693, 694, 698, 699, 700, 701, 702, 703, 705, 706, 712, 713, 714, 715, 716, 717, 718, 719, 720, 721, 723, 724, 725, 727], "excluded_lines": [], "executed_branches": [[64, 66], [66, 68], [68, 70], [77, 79], [91, 92], [104, 106], [107, 109], [110, 114], [114, 116], [118, 120], [120, 123], [126, 127], [126, 129], [130, 134], [134, 139], [144, 152], [157, 168], [185, 188], [189, 192], [194, 195], [320, 322], [423, 424], [428, 431], [432, 433], [436, -412], [446, 450], [450, 452], [452, 455], [458, 464], [465, 470], [484, 508], [508, 534], [556, 558], [558, 561], [562, 567], [572, 573], [574, 575], [578, 580]], "missing_branches": [[64, 65], [66, 67], [68, 69], [77, 78], [91, 93], [104, 105], [107, 108], [110, 111], [112, 113], [112, 114], [114, 115], [118, 119], [120, 121], [130, 131], [134, 135], [136, 137], [136, 139], [144, 145], [157, 158], [185, 186], [189, 190], [194, 196], [205, 206], [205, 207], [208, 209], [208, 210], [211, 212], [211, 252], [213, 214], [213, 215], [216, 217], [216, 220], [218, 219], [218, 220], [221, 222], [221, 223], [223, 224], [223, 225], [227, 228], [227, 230], [231, 232], [231, 234], [234, 235], [234, 238], [236, 237], [236, 238], [240, 241], [240, 248], [252, 253], [252, 257], [253, 252], [253, 254], [255, 253], [255, 256], [264, 265], [264, 266], [266, 267], [266, 272], [268, 266], [268, 269], [272, 273], [272, 298], [274, 275], [274, 283], [301, 302], [301, 312], [320, 321], [332, 333], [332, 334], [335, 336], [335, 339], [337, 335], [337, 338], [339, 340], [339, 360], [340, 341], [340, 358], [342, 343], [342, 347], [347, 348], [347, 355], [351, 352], [351, 355], [360, 361], [360, 362], [369, 370], [369, 371], [372, 373], [372, 374], [383, 384], [383, 387], [390, 391], [390, 394], [396, 397], [396, 399], [399, 400], [399, 405], [402, 403], [402, 405], [423, 431], [428, 429], [432, -412], [436, 437], [446, 447], [450, 451], [452, 453], [458, 459], [462, 463], [462, 464], [465, 466], [484, 485], [490, 491], [490, 508], [508, 509], [513, 514], [513, 534], [556, 557], [558, 559], [562, 563], [572, 580], [574, 580], [578, 579], [592, 593], [592, 594], [594, 595], [594, 596], [598, 599], [598, 600], [600, 601], [600, 602], [605, 606], [605, 608], [610, 611], [610, 613], [614, 615], [614, 617], [617, 618], [617, 623], [620, 621], [620, 623], [625, 626], [625, 628], [654, 655], [654, 656], [656, 657], [656, 658], [659, 660], [659, 661], [662, 663], [662, 666], [664, 665], [664, 666], [670, 671], [670, 673], [674, 675], [674, 677], [677, 678], [677, 682], [679, 680], [679, 682], [683, 684], [683, 692], [698, 699], [698, 701], [714, 715], [714, 716], [716, 717], [716, 718]], "functions": {"_emit_booking_confirmed": {"executed_lines": [31, 32, 33, 34], "summary": {"covered_lines": 4, "num_statements": 4, "percent_covered": 100.0, "percent_covered_display": "100.0", "missing_lines": 0, "excluded_lines": 0, "percent_statements_covered": 100.0, "percent_statements_covered_display": "100.0", "num_branches": 0, "num_partial_branches": 0, "covered_branches": 0, "missing_branches": 0, "percent_branches_covered": 100.0, "percent_branches_covered_display": "100.0"}, "missing_lines": [], "excluded_lines": [], "start_line": 29, "executed_branches": [], "missing_branches": []}, "_slim_conflict": {"executed_lines": [], "summary": {"covered_lines": 0, "num_statements": 1, "percent_covered": 0.0, "percent_covered_display": "0.0", "missing_lines": 1, "excluded_lines": 0, "percent_statements_covered": 0.0, "percent_statements_covered_display": "0.0", "num_branches": 0, "num_partial_branches": 0, "covered_branches": 0, "missing_branches": 0, "percent_branches_covered": 100.0, "percent_branches_covered_display": "100.0"}, "missing_lines": [45], "excluded_lines": [], "start_line": 44, "executed_branches": [], "missing_branches": []}, "_slim_maint": {"executed_lines": [], "summary": {"covered_lines": 0, "num_statements": 1, "percent_covered": 0.0, "percent_covered_display": "0.0", "missing_lines": 1, "excluded_lines": 0, "percent_statements_covered": 0.0, "percent_statements_covered_display": "0.0", "num_branches": 0, "num_partial_branches": 0, "covered_branches": 0, "missing_branches": 0, "percent_branches_covered": 100.0, "percent_branches_covered_display": "100.0"}, "missing_lines": [50], "excluded_lines": [], "start_line": 49, "executed_branches": [], "missing_branches": []}, "_next_code": {"executed_lines": [56], "summary": {"covered_lines": 1, "num_statements": 1, "percent_covered": 100.0, "percent_covered_display": "100.0", "missing_lines": 0, "excluded_lines": 0, "percent_statements_covered": 100.0, "percent_statements_covered_display": "100.0", "num_branches": 0, "num_partial_branches": 0, "covered_branches": 0, "missing_branches": 0, "percent_branches_covered": 100.0, "percent_branches_covered_display": "100.0"}, "missing_lines": [], "excluded_lines": [], "start_line": 54, "executed_branches": [], "missing_branches": []}, "list_bookings": {"executed_lines": [63, 64, 66, 68, 70, 71], "summary": {"covered_lines": 6, "num_statements": 9, "percent_covered": 60.0, "percent_covered_display": "60.0", "missing_lines": 3, "excluded_lines": 0, "percent_statements_covered": 66.66666666666667, "percent_statements_covered_display": "66.7", "num_branches": 6, "num_partial_branches": 3, "covered_branches": 3, "missing_branches": 3, "percent_branches_covered": 50.0, "percent_branches_covered_display": "50.0"}, "missing_lines": [65, 67, 69], "excluded_lines": [], "start_line": 60, "executed_branches": [[64, 66], [66, 68], [68, 70]], "missing_branches": [[64, 65], [66, 67], [68, 69]]}, "bookings_calendar": {"executed_lines": [76, 77, 79, 84], "summary": {"covered_lines": 4, "num_statements": 5, "percent_covered": 71.42857142857143, "percent_covered_display": "71.4", "missing_lines": 1, "excluded_lines": 0, "percent_statements_covered": 80.0, "percent_statements_covered_display": "80.0", "num_branches": 2, "num_partial_branches": 1, "covered_branches": 1, "missing_branches": 1, "percent_branches_covered": 50.0, "percent_branches_covered_display": "50.0"}, "missing_lines": [78], "excluded_lines": [], "start_line": 75, "executed_branches": [[77, 79]], "missing_branches": [[77, 78]]}, "check_availability": {"executed_lines": [91, 92], "summary": {"covered_lines": 2, "num_statements": 5, "percent_covered": 42.857142857142854, "percent_covered_display": "42.9", "missing_lines": 3, "excluded_lines": 0, "percent_statements_covered": 40.0, "percent_statements_covered_display": "40.0", "num_branches": 2, "num_partial_branches": 1, "covered_branches": 1, "missing_branches": 1, "percent_branches_covered": 50.0, "percent_branches_covered_display": "50.0"}, "missing_lines": [93, 94, 95], "excluded_lines": [], "start_line": 88, "executed_branches": [[91, 92]], "missing_branches": [[91, 93]]}, "create_booking": {"executed_lines": [102, 103, 104, 106, 107, 109, 110, 114, 116, 117, 118, 120, 123, 124, 125, 126, 127, 128, 129, 130, 134, 139, 140, 144, 152, 154, 155, 156, 157, 168, 183, 184, 185, 188, 189, 192, 194, 195, 196], "summary": {"covered_lines": 39, "num_statements": 68, "percent_covered": 54.0, "percent_covered_display": "54.0", "missing_lines": 29, "excluded_lines": 0, "percent_statements_covered": 57.35294117647059, "percent_statements_covered_display": "57.4", "num_branches": 32, "num_partial_branches": 13, "covered_branches": 15, "missing_branches": 17, "percent_branches_covered": 46.875, "percent_branches_covered_display": "46.9"}, "missing_lines": [105, 108, 111, 112, 113, 115, 119, 121, 131, 132, 135, 136, 137, 145, 146, 147, 148, 149, 151, 158, 159, 160, 161, 162, 163, 186, 187, 190, 191], "excluded_lines": [], "start_line": 101, "executed_branches": [[104, 106], [107, 109], [110, 114], [114, 116], [118, 120], [120, 123], [126, 127], [126, 129], [130, 134], [134, 139], [144, 152], [157, 168], [185, 188], [189, 192], [194, 195]], "missing_branches": [[104, 105], [107, 108], [110, 111], [112, 113], [112, 114], [114, 115], [118, 119], [120, 121], [130, 131], [134, 135], [136, 137], [136, 139], [144, 145], [157, 158], [185, 186], [189, 190], [194, 196]]}, "create_group_booking": {"executed_lines": [], "summary": {"covered_lines": 0, "num_statements": 83, "percent_covered": 0.0, "percent_covered_display": "0.0", "missing_lines": 83, "excluded_lines": 0, "percent_statements_covered": 0.0, "percent_statements_covered_display": "0.0", "num_branches": 44, "num_partial_branches": 0, "covered_branches": 0, "missing_branches": 44, "percent_branches_covered": 0.0, "percent_branches_covered_display": "0.0"}, "missing_lines": [204, 205, 206, 207, 208, 209, 210, 211, 212, 213, 214, 215, 216, 217, 218, 219, 220, 221, 222, 223, 224, 225, 226, 227, 228, 229, 230, 231, 232, 233, 234, 235, 236, 237, 238, 239, 240, 241, 242, 243, 244, 245, 247, 248, 249, 252, 253, 254, 255, 256, 257, 258, 259, 260, 263, 264, 265, 266, 267, 268, 269, 270, 272, 273, 274, 275, 276, 277, 278, 279, 280, 283, 295, 296, 297, 298, 301, 302, 303, 304, 305, 306, 312], "excluded_lines": [], "start_line": 200, "executed_branches": [], "missing_branches": [[205, 206], [205, 207], [208, 209], [208, 210], [211, 212], [211, 252], [213, 214], [213, 215], [216, 217], [216, 220], [218, 219], [218, 220], [221, 222], [221, 223], [223, 224], [223, 225], [227, 228], [227, 230], [231, 232], [231, 234], [234, 235], [234, 238], [236, 237], [236, 238], [240, 241], [240, 248], [252, 253], [252, 257], [253, 252], [253, 254], [255, 253], [255, 256], [264, 265], [264, 266], [266, 267], [266, 272], [268, 266], [268, 269], [272, 273], [272, 298], [274, 275], [274, 283], [301, 302], [301, 312]]}, "get_booking": {"executed_lines": [318, 319, 320, 322, 323, 324, 325], "summary": {"covered_lines": 7, "num_statements": 8, "percent_covered": 80.0, "percent_covered_display": "80.0", "missing_lines": 1, "excluded_lines": 0, "percent_statements_covered": 87.5, "percent_statements_covered_display": "87.5", "num_branches": 2, "num_partial_branches": 1, "covered_branches": 1, "missing_branches": 1, "percent_branches_covered": 50.0, "percent_branches_covered_display": "50.0"}, "missing_lines": [321], "excluded_lines": [], "start_line": 317, "executed_branches": [[320, 322]], "missing_branches": [[320, 321]]}, "update_booking": {"executed_lines": [], "summary": {"covered_lines": 0, "num_statements": 26, "percent_covered": 0.0, "percent_covered_display": "0.0", "missing_lines": 26, "excluded_lines": 0, "percent_statements_covered": 0.0, "percent_statements_covered_display": "0.0", "num_branches": 18, "num_partial_branches": 0, "covered_branches": 0, "missing_branches": 18, "percent_branches_covered": 0.0, "percent_branches_covered_display": "0.0"}, "missing_lines": [330, 331, 332, 333, 334, 335, 336, 337, 338, 339, 340, 341, 342, 343, 347, 348, 351, 352, 355, 356, 358, 359, 360, 361, 362, 363], "excluded_lines": [], "start_line": 329, "executed_branches": [], "missing_branches": [[332, 333], [332, 334], [335, 336], [335, 339], [337, 335], [337, 338], [339, 340], [339, 360], [340, 341], [340, 358], [342, 343], [342, 347], [347, 348], [347, 355], [351, 352], [351, 355], [360, 361], [360, 362]]}, "_set_status": {"executed_lines": [], "summary": {"covered_lines": 0, "num_statements": 10, "percent_covered": 0.0, "percent_covered_display": "0.0", "missing_lines": 10, "excluded_lines": 0, "percent_statements_covered": 0.0, "percent_statements_covered_display": "0.0", "num_branches": 4, "num_partial_branches": 0, "covered_branches": 0, "missing_branches": 4, "percent_branches_covered": 0.0, "percent_branches_covered_display": "0.0"}, "missing_lines": [367, 368, 369, 370, 371, 372, 373, 374, 375, 376], "excluded_lines": [], "start_line": 366, "executed_branches": [], "missing_branches": [[369, 370], [369, 371], [372, 373], [372, 374]]}, "confirm_booking": {"executed_lines": [], "summary": {"covered_lines": 0, "num_statements": 21, "percent_covered": 0.0, "percent_covered_display": "0.0", "missing_lines": 21, "excluded_lines": 0, "percent_statements_covered": 0.0, "percent_statements_covered_display": "0.0", "num_branches": 10, "num_partial_branches": 0, "covered_branches": 0, "missing_branches": 10, "percent_branches_covered": 0.0, "percent_branches_covered_display": "0.0"}, "missing_lines": [381, 382, 383, 384, 387, 388, 390, 391, 392, 394, 396, 397, 398, 399, 400, 402, 403, 405, 406, 408, 409], "excluded_lines": [], "start_line": 380, "executed_branches": [], "missing_branches": [[383, 384], [383, 387], [390, 391], [390, 394], [396, 397], [396, 399], [399, 400], [399, 405], [402, 403], [402, 405]]}, "_release_booking_resources": {"executed_lines": [415, 416, 418, 422, 423, 424, 427, 428, 431, 432, 433, 436], "summary": {"covered_lines": 12, "num_statements": 14, "percent_covered": 72.72727272727273, "percent_covered_display": "72.7", "missing_lines": 2, "excluded_lines": 0, "percent_statements_covered": 85.71428571428571, "percent_statements_covered_display": "85.7", "num_branches": 8, "num_partial_branches": 4, "covered_branches": 4, "missing_branches": 4, "percent_branches_covered": 50.0, "percent_branches_covered_display": "50.0"}, "missing_lines": [429, 437], "excluded_lines": [], "start_line": 412, "executed_branches": [[423, 424], [428, 431], [432, 433], [436, -412]], "missing_branches": [[423, 431], [428, 429], [432, -412], [436, 437]]}, "cancel_booking": {"executed_lines": [444, 445, 446, 450, 452, 455, 456, 457, 458, 464, 465, 470, 471, 479, 484, 508, 534, 535, 536, 540, 541, 542, 547, 549], "summary": {"covered_lines": 24, "num_statements": 46, "percent_covered": 46.96969696969697, "percent_covered_display": "47.0", "missing_lines": 22, "excluded_lines": 0, "percent_statements_covered": 52.17391304347826, "percent_statements_covered_display": "52.2", "num_branches": 20, "num_partial_branches": 7, "covered_branches": 7, "missing_branches": 13, "percent_branches_covered": 35.0, "percent_branches_covered_display": "35.0"}, "missing_lines": [447, 451, 453, 459, 460, 461, 462, 463, 466, 485, 487, 490, 491, 501, 503, 504, 509, 510, 513, 514, 515, 533], "excluded_lines": [], "start_line": 441, "executed_branches": [[446, 450], [450, 452], [452, 455], [458, 464], [465, 470], [484, 508], [508, 534]], "missing_branches": [[446, 447], [450, 451], [452, 453], [458, 459], [462, 463], [462, 464], [465, 466], [484, 485], [490, 491], [490, 508], [508, 509], [513, 514], [513, 534]]}, "complete_booking": {"executed_lines": [554, 555, 556, 558, 561, 562, 567, 568, 569, 571, 572, 573, 574, 575, 578, 580, 581, 583], "summary": {"covered_lines": 18, "num_statements": 23, "percent_covered": 68.57142857142857, "percent_covered_display": "68.6", "missing_lines": 5, "excluded_lines": 0, "percent_statements_covered": 78.26086956521739, "percent_statements_covered_display": "78.3", "num_branches": 12, "num_partial_branches": 6, "covered_branches": 6, "missing_branches": 6, "percent_branches_covered": 50.0, "percent_branches_covered_display": "50.0"}, "missing_lines": [557, 559, 563, 564, 579], "excluded_lines": [], "start_line": 553, "executed_branches": [[556, 558], [558, 561], [562, 567], [572, 573], [574, 575], [578, 580]], "missing_branches": [[556, 557], [558, 559], [562, 563], [572, 580], [574, 580], [578, 579]]}, "reschedule_booking": {"executed_lines": [], "summary": {"covered_lines": 0, "num_statements": 44, "percent_covered": 0.0, "percent_covered_display": "0.0", "missing_lines": 44, "excluded_lines": 0, "percent_statements_covered": 0.0, "percent_statements_covered_display": "0.0", "num_branches": 20, "num_partial_branches": 0, "covered_branches": 0, "missing_branches": 20, "percent_branches_covered": 0.0, "percent_branches_covered_display": "0.0"}, "missing_lines": [590, 591, 592, 593, 594, 595, 596, 597, 598, 599, 600, 601, 602, 603, 604, 605, 606, 608, 609, 610, 611, 612, 613, 614, 615, 616, 617, 618, 620, 621, 623, 624, 625, 626, 627, 628, 630, 633, 634, 636, 637, 638, 643, 645], "excluded_lines": [], "start_line": 587, "executed_branches": [], "missing_branches": [[592, 593], [592, 594], [594, 595], [594, 596], [598, 599], [598, 600], [600, 601], [600, 602], [605, 606], [605, 608], [610, 611], [610, 613], [614, 615], [614, 617], [617, 618], [617, 623], [620, 621], [620, 623], [625, 626], [625, 628]]}, "approve_booking": {"executed_lines": [], "summary": {"covered_lines": 0, "num_statements": 48, "percent_covered": 0.0, "percent_covered_display": "0.0", "missing_lines": 48, "excluded_lines": 0, "percent_statements_covered": 0.0, "percent_statements_covered_display": "0.0", "num_branches": 22, "num_partial_branches": 0, "covered_branches": 0, "missing_branches": 22, "percent_branches_covered": 0.0, "percent_branches_covered_display": "0.0"}, "missing_lines": [652, 653, 654, 655, 656, 657, 658, 659, 660, 661, 662, 663, 664, 665, 666, 668, 669, 670, 671, 672, 673, 674, 675, 676, 677, 678, 679, 680, 682, 683, 684, 685, 686, 687, 688, 689, 691, 692, 693, 694, 698, 699, 700, 701, 702, 703, 705, 706], "excluded_lines": [], "start_line": 649, "executed_branches": [], "missing_branches": [[654, 655], [654, 656], [656, 657], [656, 658], [659, 660], [659, 661], [662, 663], [662, 666], [664, 665], [664, 666], [670, 671], [670, 673], [674, 675], [674, 677], [677, 678], [677, 682], [679, 680], [679, 682], [683, 684], [683, 692], [698, 699], [698, 701]]}, "reject_booking": {"executed_lines": [], "summary": {"covered_lines": 0, "num_statements": 14, "percent_covered": 0.0, "percent_covered_display": "0.0", "missing_lines": 14, "excluded_lines": 0, "percent_statements_covered": 0.0, "percent_statements_covered_display": "0.0", "num_branches": 4, "num_partial_branches": 0, "covered_branches": 0, "missing_branches": 4, "percent_branches_covered": 0.0, "percent_branches_covered_display": "0.0"}, "missing_lines": [712, 713, 714, 715, 716, 717, 718, 719, 720, 721, 723, 724, 725, 727], "excluded_lines": [], "start_line": 710, "executed_branches": [], "missing_branches": [[714, 715], [714, 716], [716, 717], [716, 718]]}, "": {"executed_lines": [7, 9, 10, 11, 13, 14, 15, 16, 17, 18, 19, 20, 21, 22, 24, 26, 29, 44, 49, 54, 59, 60, 74, 75, 87, 88, 100, 101, 199, 200, 316, 317, 328, 329, 366, 379, 380, 412, 440, 441, 552, 553, 586, 587, 648, 649, 709, 710], "summary": {"covered_lines": 48, "num_statements": 48, "percent_covered": 100.0, "percent_covered_display": "100.0", "missing_lines": 0, "excluded_lines": 0, "percent_statements_covered": 100.0, "percent_statements_covered_display": "100.0", "num_branches": 0, "num_partial_branches": 0, "covered_branches": 0, "missing_branches": 0, "percent_branches_covered": 100.0, "percent_branches_covered_display": "100.0"}, "missing_lines": [], "excluded_lines": [], "start_line": 1, "executed_branches": [], "missing_branches": []}}, "classes": {"": {"executed_lines": [7, 9, 10, 11, 13, 14, 15, 16, 17, 18, 19, 20, 21, 22, 24, 26, 29, 31, 32, 33, 34, 44, 49, 54, 56, 59, 60, 63, 64, 66, 68, 70, 71, 74, 75, 76, 77, 79, 84, 87, 88, 91, 92, 100, 101, 102, 103, 104, 106, 107, 109, 110, 114, 116, 117, 118, 120, 123, 124, 125, 126, 127, 128, 129, 130, 134, 139, 140, 144, 152, 154, 155, 156, 157, 168, 183, 184, 185, 188, 189, 192, 194, 195, 196, 199, 200, 316, 317, 318, 319, 320, 322, 323, 324, 325, 328, 329, 366, 379, 380, 412, 415, 416, 418, 422, 423, 424, 427, 428, 431, 432, 433, 436, 440, 441, 444, 445, 446, 450, 452, 455, 456, 457, 458, 464, 465, 470, 471, 479, 484, 508, 534, 535, 536, 540, 541, 542, 547, 549, 552, 553, 554, 555, 556, 558, 561, 562, 567, 568, 569, 571, 572, 573, 574, 575, 578, 580, 581, 583, 586, 587, 648, 649, 709, 710], "summary": {"covered_lines": 165, "num_statements": 479, "percent_covered": 29.635036496350367, "percent_covered_display": "29.6", "missing_lines": 314, "excluded_lines": 0, "percent_statements_covered": 34.446764091858036, "percent_statements_covered_display": "34.4", "num_branches": 206, "num_partial_branches": 36, "covered_branches": 38, "missing_branches": 168, "percent_branches_covered": 18.446601941747574, "percent_branches_covered_display": "18.4"}, "missing_lines": [45, 50, 65, 67, 69, 78, 93, 94, 95, 105, 108, 111, 112, 113, 115, 119, 121, 131, 132, 135, 136, 137, 145, 146, 147, 148, 149, 151, 158, 159, 160, 161, 162, 163, 186, 187, 190, 191, 204, 205, 206, 207, 208, 209, 210, 211, 212, 213, 214, 215, 216, 217, 218, 219, 220, 221, 222, 223, 224, 225, 226, 227, 228, 229, 230, 231, 232, 233, 234, 235, 236, 237, 238, 239, 240, 241, 242, 243, 244, 245, 247, 248, 249, 252, 253, 254, 255, 256, 257, 258, 259, 260, 263, 264, 265, 266, 267, 268, 269, 270, 272, 273, 274, 275, 276, 277, 278, 279, 280, 283, 295, 296, 297, 298, 301, 302, 303, 304, 305, 306, 312, 321, 330, 331, 332, 333, 334, 335, 336, 337, 338, 339, 340, 341, 342, 343, 347, 348, 351, 352, 355, 356, 358, 359, 360, 361, 362, 363, 367, 368, 369, 370, 371, 372, 373, 374, 375, 376, 381, 382, 383, 384, 387, 388, 390, 391, 392, 394, 396, 397, 398, 399, 400, 402, 403, 405, 406, 408, 409, 429, 437, 447, 451, 453, 459, 460, 461, 462, 463, 466, 485, 487, 490, 491, 501, 503, 504, 509, 510, 513, 514, 515, 533, 557, 559, 563, 564, 579, 590, 591, 592, 593, 594, 595, 596, 597, 598, 599, 600, 601, 602, 603, 604, 605, 606, 608, 609, 610, 611, 612, 613, 614, 615, 616, 617, 618, 620, 621, 623, 624, 625, 626, 627, 628, 630, 633, 634, 636, 637, 638, 643, 645, 652, 653, 654, 655, 656, 657, 658, 659, 660, 661, 662, 663, 664, 665, 666, 668, 669, 670, 671, 672, 673, 674, 675, 676, 677, 678, 679, 680, 682, 683, 684, 685, 686, 687, 688, 689, 691, 692, 693, 694, 698, 699, 700, 701, 702, 703, 705, 706, 712, 713, 714, 715, 716, 717, 718, 719, 720, 721, 723, 724, 725, 727], "excluded_lines": [], "start_line": 1, "executed_branches": [[64, 66], [66, 68], [68, 70], [77, 79], [91, 92], [104, 106], [107, 109], [110, 114], [114, 116], [118, 120], [120, 123], [126, 127], [126, 129], [130, 134], [134, 139], [144, 152], [157, 168], [185, 188], [189, 192], [194, 195], [320, 322], [423, 424], [428, 431], [432, 433], [436, -412], [446, 450], [450, 452], [452, 455], [458, 464], [465, 470], [484, 508], [508, 534], [556, 558], [558, 561], [562, 567], [572, 573], [574, 575], [578, 580]], "missing_branches": [[64, 65], [66, 67], [68, 69], [77, 78], [91, 93], [104, 105], [107, 108], [110, 111], [112, 113], [112, 114], [114, 115], [118, 119], [120, 121], [130, 131], [134, 135], [136, 137], [136, 139], [144, 145], [157, 158], [185, 186], [189, 190], [194, 196], [205, 206], [205, 207], [208, 209], [208, 210], [211, 212], [211, 252], [213, 214], [213, 215], [216, 217], [216, 220], [218, 219], [218, 220], [221, 222], [221, 223], [223, 224], [223, 225], [227, 228], [227, 230], [231, 232], [231, 234], [234, 235], [234, 238], [236, 237], [236, 238], [240, 241], [240, 248], [252, 253], [252, 257], [253, 252], [253, 254], [255, 253], [255, 256], [264, 265], [264, 266], [266, 267], [266, 272], [268, 266], [268, 269], [272, 273], [272, 298], [274, 275], [274, 283], [301, 302], [301, 312], [320, 321], [332, 333], [332, 334], [335, 336], [335, 339], [337, 335], [337, 338], [339, 340], [339, 360], [340, 341], [340, 358], [342, 343], [342, 347], [347, 348], [347, 355], [351, 352], [351, 355], [360, 361], [360, 362], [369, 370], [369, 371], [372, 373], [372, 374], [383, 384], [383, 387], [390, 391], [390, 394], [396, 397], [396, 399], [399, 400], [399, 405], [402, 403], [402, 405], [423, 431], [428, 429], [432, -412], [436, 437], [446, 447], [450, 451], [452, 453], [458, 459], [462, 463], [462, 464], [465, 466], [484, 485], [490, 491], [490, 508], [508, 509], [513, 514], [513, 534], [556, 557], [558, 559], [562, 563], [572, 580], [574, 580], [578, 579], [592, 593], [592, 594], [594, 595], [594, 596], [598, 599], [598, 600], [600, 601], [600, 602], [605, 606], [605, 608], [610, 611], [610, 613], [614, 615], [614, 617], [617, 618], [617, 623], [620, 621], [620, 623], [625, 626], [625, 628], [654, 655], [654, 656], [656, 657], [656, 658], [659, 660], [659, 661], [662, 663], [662, 666], [664, 665], [664, 666], [670, 671], [670, 673], [674, 675], [674, 677], [677, 678], [677, 682], [679, 680], [679, 682], [683, 684], [683, 692], [698, 699], [698, 701], [714, 715], [714, 716], [716, 717], [716, 718]]}}}, "backend/routers/broadcasts.py": {"executed_lines": [7, 9, 10, 11, 12, 13, 15, 16, 19, 28, 29, 31, 32, 35, 36, 51, 52], "summary": {"covered_lines": 17, "num_statements": 40, "percent_covered": 35.416666666666664, "percent_covered_display": "35.4", "missing_lines": 23, "excluded_lines": 0, "percent_statements_covered": 42.5, "percent_statements_covered_display": "42.5", "num_branches": 8, "num_partial_branches": 0, "covered_branches": 0, "missing_branches": 8, "percent_branches_covered": 0.0, "percent_branches_covered_display": "0.0"}, "missing_lines": [20, 21, 22, 23, 24, 25, 37, 38, 39, 45, 46, 48, 53, 54, 55, 56, 57, 58, 59, 60, 61, 63, 65], "excluded_lines": [], "executed_branches": [], "missing_branches": [[21, 22], [21, 23], [23, 24], [23, 25], [55, 56], [55, 57], [57, 58], [57, 59]], "functions": {"_segment_query": {"executed_lines": [], "summary": {"covered_lines": 0, "num_statements": 6, "percent_covered": 0.0, "percent_covered_display": "0.0", "missing_lines": 6, "excluded_lines": 0, "percent_statements_covered": 0.0, "percent_statements_covered_display": "0.0", "num_branches": 4, "num_partial_branches": 0, "covered_branches": 0, "missing_branches": 4, "percent_branches_covered": 0.0, "percent_branches_covered_display": "0.0"}, "missing_lines": [20, 21, 22, 23, 24, 25], "excluded_lines": [], "start_line": 19, "executed_branches": [], "missing_branches": [[21, 22], [21, 23], [23, 24], [23, 25]]}, "list_broadcasts": {"executed_lines": [31, 32], "summary": {"covered_lines": 2, "num_statements": 2, "percent_covered": 100.0, "percent_covered_display": "100.0", "missing_lines": 0, "excluded_lines": 0, "percent_statements_covered": 100.0, "percent_statements_covered_display": "100.0", "num_branches": 0, "num_partial_branches": 0, "covered_branches": 0, "missing_branches": 0, "percent_branches_covered": 100.0, "percent_branches_covered_display": "100.0"}, "missing_lines": [], "excluded_lines": [], "start_line": 29, "executed_branches": [], "missing_branches": []}, "create_broadcast": {"executed_lines": [], "summary": {"covered_lines": 0, "num_statements": 6, "percent_covered": 0.0, "percent_covered_display": "0.0", "missing_lines": 6, "excluded_lines": 0, "percent_statements_covered": 0.0, "percent_statements_covered_display": "0.0", "num_branches": 0, "num_partial_branches": 0, "covered_branches": 0, "missing_branches": 0, "percent_branches_covered": 100.0, "percent_branches_covered_display": "100.0"}, "missing_lines": [37, 38, 39, 45, 46, 48], "excluded_lines": [], "start_line": 36, "executed_branches": [], "missing_branches": []}, "send_broadcast": {"executed_lines": [], "summary": {"covered_lines": 0, "num_statements": 11, "percent_covered": 0.0, "percent_covered_display": "0.0", "missing_lines": 11, "excluded_lines": 0, "percent_statements_covered": 0.0, "percent_statements_covered_display": "0.0", "num_branches": 4, "num_partial_branches": 0, "covered_branches": 0, "missing_branches": 4, "percent_branches_covered": 0.0, "percent_branches_covered_display": "0.0"}, "missing_lines": [53, 54, 55, 56, 57, 58, 59, 60, 61, 63, 65], "excluded_lines": [], "start_line": 52, "executed_branches": [], "missing_branches": [[55, 56], [55, 57], [57, 58], [57, 59]]}, "": {"executed_lines": [7, 9, 10, 11, 12, 13, 15, 16, 19, 28, 29, 35, 36, 51, 52], "summary": {"covered_lines": 15, "num_statements": 15, "percent_covered": 100.0, "percent_covered_display": "100.0", "missing_lines": 0, "excluded_lines": 0, "percent_statements_covered": 100.0, "percent_statements_covered_display": "100.0", "num_branches": 0, "num_partial_branches": 0, "covered_branches": 0, "missing_branches": 0, "percent_branches_covered": 100.0, "percent_branches_covered_display": "100.0"}, "missing_lines": [], "excluded_lines": [], "start_line": 1, "executed_branches": [], "missing_branches": []}}, "classes": {"": {"executed_lines": [7, 9, 10, 11, 12, 13, 15, 16, 19, 28, 29, 31, 32, 35, 36, 51, 52], "summary": {"covered_lines": 17, "num_statements": 40, "percent_covered": 35.416666666666664, "percent_covered_display": "35.4", "missing_lines": 23, "excluded_lines": 0, "percent_statements_covered": 42.5, "percent_statements_covered_display": "42.5", "num_branches": 8, "num_partial_branches": 0, "covered_branches": 0, "missing_branches": 8, "percent_branches_covered": 0.0, "percent_branches_covered_display": "0.0"}, "missing_lines": [20, 21, 22, 23, 24, 25, 37, 38, 39, 45, 46, 48, 53, 54, 55, 56, 57, 58, 59, 60, 61, 63, 65], "excluded_lines": [], "start_line": 1, "executed_branches": [], "missing_branches": [[21, 22], [21, 23], [23, 24], [23, 25], [55, 56], [55, 57], [57, 58], [57, 59]]}}}, "backend/routers/campaigns.py": {"executed_lines": [6, 8, 9, 10, 11, 13, 14, 16, 17, 20, 25, 26, 27, 28, 31, 32, 45, 46, 48, 49, 51, 52, 55, 56, 79, 80, 94, 95, 105, 106, 115, 116, 117, 118, 121, 122, 141, 142, 143, 144, 145, 146, 153, 154, 171, 172, 181, 182], "summary": {"covered_lines": 48, "num_statements": 141, "percent_covered": 27.027027027027028, "percent_covered_display": "27.0", "missing_lines": 93, "excluded_lines": 0, "percent_statements_covered": 34.04255319148936, "percent_statements_covered_display": "34.0", "num_branches": 44, "num_partial_branches": 2, "covered_branches": 2, "missing_branches": 42, "percent_branches_covered": 4.545454545454546, "percent_branches_covered_display": "4.5"}, "missing_lines": [21, 33, 34, 35, 39, 40, 42, 50, 57, 58, 59, 60, 61, 62, 63, 64, 65, 66, 67, 68, 69, 70, 71, 72, 73, 74, 75, 76, 81, 82, 83, 84, 85, 86, 87, 88, 89, 90, 91, 96, 97, 98, 99, 100, 102, 107, 108, 109, 110, 111, 123, 124, 125, 126, 127, 128, 129, 135, 136, 138, 147, 148, 149, 150, 155, 156, 157, 158, 159, 160, 161, 162, 163, 164, 165, 166, 167, 168, 173, 174, 175, 176, 177, 178, 183, 184, 185, 186, 187, 188, 189, 190, 192], "excluded_lines": [], "executed_branches": [[49, 51], [145, 146]], "missing_branches": [[49, 50], [59, 60], [59, 61], [61, 62], [61, 68], [63, 64], [63, 65], [68, 69], [68, 70], [73, 74], [73, 75], [83, 84], [83, 85], [86, 87], [86, 88], [88, 89], [88, 91], [97, 98], [97, 99], [108, 109], [108, 110], [124, 125], [124, 126], [126, 127], [126, 128], [145, 147], [157, 158], [157, 159], [159, 160], [159, 161], [162, 163], [162, 164], [164, 165], [164, 166], [166, 167], [166, 168], [174, 175], [174, 176], [185, 186], [185, 187], [188, 189], [188, 190]], "functions": {"_steps": {"executed_lines": [], "summary": {"covered_lines": 0, "num_statements": 1, "percent_covered": 0.0, "percent_covered_display": "0.0", "missing_lines": 1, "excluded_lines": 0, "percent_statements_covered": 0.0, "percent_statements_covered_display": "0.0", "num_branches": 0, "num_partial_branches": 0, "covered_branches": 0, "missing_branches": 0, "percent_branches_covered": 100.0, "percent_branches_covered_display": "100.0"}, "missing_lines": [21], "excluded_lines": [], "start_line": 20, "executed_branches": [], "missing_branches": []}, "list_sequences": {"executed_lines": [27, 28], "summary": {"covered_lines": 2, "num_statements": 2, "percent_covered": 100.0, "percent_covered_display": "100.0", "missing_lines": 0, "excluded_lines": 0, "percent_statements_covered": 100.0, "percent_statements_covered_display": "100.0", "num_branches": 0, "num_partial_branches": 0, "covered_branches": 0, "missing_branches": 0, "percent_branches_covered": 100.0, "percent_branches_covered_display": "100.0"}, "missing_lines": [], "excluded_lines": [], "start_line": 26, "executed_branches": [], "missing_branches": []}, "create_sequence": {"executed_lines": [], "summary": {"covered_lines": 0, "num_statements": 6, "percent_covered": 0.0, "percent_covered_display": "0.0", "missing_lines": 6, "excluded_lines": 0, "percent_statements_covered": 0.0, "percent_statements_covered_display": "0.0", "num_branches": 0, "num_partial_branches": 0, "covered_branches": 0, "missing_branches": 0, "percent_branches_covered": 100.0, "percent_branches_covered_display": "100.0"}, "missing_lines": [33, 34, 35, 39, 40, 42], "excluded_lines": [], "start_line": 32, "executed_branches": [], "missing_branches": []}, "list_enrollments": {"executed_lines": [48, 49, 51, 52], "summary": {"covered_lines": 4, "num_statements": 5, "percent_covered": 71.42857142857143, "percent_covered_display": "71.4", "missing_lines": 1, "excluded_lines": 0, "percent_statements_covered": 80.0, "percent_statements_covered_display": "80.0", "num_branches": 2, "num_partial_branches": 1, "covered_branches": 1, "missing_branches": 1, "percent_branches_covered": 50.0, "percent_branches_covered_display": "50.0"}, "missing_lines": [50], "excluded_lines": [], "start_line": 46, "executed_branches": [[49, 51]], "missing_branches": [[49, 50]]}, "enroll_sequence": {"executed_lines": [], "summary": {"covered_lines": 0, "num_statements": 20, "percent_covered": 0.0, "percent_covered_display": "0.0", "missing_lines": 20, "excluded_lines": 0, "percent_statements_covered": 0.0, "percent_statements_covered_display": "0.0", "num_branches": 10, "num_partial_branches": 0, "covered_branches": 0, "missing_branches": 10, "percent_branches_covered": 0.0, "percent_branches_covered_display": "0.0"}, "missing_lines": [57, 58, 59, 60, 61, 62, 63, 64, 65, 66, 67, 68, 69, 70, 71, 72, 73, 74, 75, 76], "excluded_lines": [], "start_line": 56, "executed_branches": [], "missing_branches": [[59, 60], [59, 61], [61, 62], [61, 68], [63, 64], [63, 65], [68, 69], [68, 70], [73, 74], [73, 75]]}, "update_sequence": {"executed_lines": [], "summary": {"covered_lines": 0, "num_statements": 11, "percent_covered": 0.0, "percent_covered_display": "0.0", "missing_lines": 11, "excluded_lines": 0, "percent_statements_covered": 0.0, "percent_statements_covered_display": "0.0", "num_branches": 6, "num_partial_branches": 0, "covered_branches": 0, "missing_branches": 6, "percent_branches_covered": 0.0, "percent_branches_covered_display": "0.0"}, "missing_lines": [81, 82, 83, 84, 85, 86, 87, 88, 89, 90, 91], "excluded_lines": [], "start_line": 80, "executed_branches": [], "missing_branches": [[83, 84], [83, 85], [86, 87], [86, 88], [88, 89], [88, 91]]}, "delete_sequence": {"executed_lines": [], "summary": {"covered_lines": 0, "num_statements": 6, "percent_covered": 0.0, "percent_covered_display": "0.0", "missing_lines": 6, "excluded_lines": 0, "percent_statements_covered": 0.0, "percent_statements_covered_display": "0.0", "num_branches": 2, "num_partial_branches": 0, "covered_branches": 0, "missing_branches": 2, "percent_branches_covered": 0.0, "percent_branches_covered_display": "0.0"}, "missing_lines": [96, 97, 98, 99, 100, 102], "excluded_lines": [], "start_line": 95, "executed_branches": [], "missing_branches": [[97, 98], [97, 99]]}, "stop_enrollment": {"executed_lines": [], "summary": {"covered_lines": 0, "num_statements": 5, "percent_covered": 0.0, "percent_covered_display": "0.0", "missing_lines": 5, "excluded_lines": 0, "percent_statements_covered": 0.0, "percent_statements_covered_display": "0.0", "num_branches": 2, "num_partial_branches": 0, "covered_branches": 0, "missing_branches": 2, "percent_branches_covered": 0.0, "percent_branches_covered_display": "0.0"}, "missing_lines": [107, 108, 109, 110, 111], "excluded_lines": [], "start_line": 106, "executed_branches": [], "missing_branches": [[108, 109], [108, 110]]}, "list_campaigns": {"executed_lines": [117, 118], "summary": {"covered_lines": 2, "num_statements": 2, "percent_covered": 100.0, "percent_covered_display": "100.0", "missing_lines": 0, "excluded_lines": 0, "percent_statements_covered": 100.0, "percent_statements_covered_display": "100.0", "num_branches": 0, "num_partial_branches": 0, "covered_branches": 0, "missing_branches": 0, "percent_branches_covered": 100.0, "percent_branches_covered_display": "100.0"}, "missing_lines": [], "excluded_lines": [], "start_line": 116, "executed_branches": [], "missing_branches": []}, "create_campaign": {"executed_lines": [], "summary": {"covered_lines": 0, "num_statements": 10, "percent_covered": 0.0, "percent_covered_display": "0.0", "missing_lines": 10, "excluded_lines": 0, "percent_statements_covered": 0.0, "percent_statements_covered_display": "0.0", "num_branches": 4, "num_partial_branches": 0, "covered_branches": 0, "missing_branches": 4, "percent_branches_covered": 0.0, "percent_branches_covered_display": "0.0"}, "missing_lines": [123, 124, 125, 126, 127, 128, 129, 135, 136, 138], "excluded_lines": [], "start_line": 122, "executed_branches": [], "missing_branches": [[124, 125], [124, 126], [126, 127], [126, 128]]}, "get_campaign": {"executed_lines": [143, 144, 145, 146], "summary": {"covered_lines": 4, "num_statements": 8, "percent_covered": 50.0, "percent_covered_display": "50.0", "missing_lines": 4, "excluded_lines": 0, "percent_statements_covered": 50.0, "percent_statements_covered_display": "50.0", "num_branches": 2, "num_partial_branches": 1, "covered_branches": 1, "missing_branches": 1, "percent_branches_covered": 50.0, "percent_branches_covered_display": "50.0"}, "missing_lines": [147, 148, 149, 150], "excluded_lines": [], "start_line": 142, "executed_branches": [[145, 146]], "missing_branches": [[145, 147]]}, "update_campaign": {"executed_lines": [], "summary": {"covered_lines": 0, "num_statements": 14, "percent_covered": 0.0, "percent_covered_display": "0.0", "missing_lines": 14, "excluded_lines": 0, "percent_statements_covered": 0.0, "percent_statements_covered_display": "0.0", "num_branches": 10, "num_partial_branches": 0, "covered_branches": 0, "missing_branches": 10, "percent_branches_covered": 0.0, "percent_branches_covered_display": "0.0"}, "missing_lines": [155, 156, 157, 158, 159, 160, 161, 162, 163, 164, 165, 166, 167, 168], "excluded_lines": [], "start_line": 154, "executed_branches": [], "missing_branches": [[157, 158], [157, 159], [159, 160], [159, 161], [162, 163], [162, 164], [164, 165], [164, 166], [166, 167], [166, 168]]}, "delete_campaign": {"executed_lines": [], "summary": {"covered_lines": 0, "num_statements": 6, "percent_covered": 0.0, "percent_covered_display": "0.0", "missing_lines": 6, "excluded_lines": 0, "percent_statements_covered": 0.0, "percent_statements_covered_display": "0.0", "num_branches": 2, "num_partial_branches": 0, "covered_branches": 0, "missing_branches": 2, "percent_branches_covered": 0.0, "percent_branches_covered_display": "0.0"}, "missing_lines": [173, 174, 175, 176, 177, 178], "excluded_lines": [], "start_line": 172, "executed_branches": [], "missing_branches": [[174, 175], [174, 176]]}, "send_campaign": {"executed_lines": [], "summary": {"covered_lines": 0, "num_statements": 9, "percent_covered": 0.0, "percent_covered_display": "0.0", "missing_lines": 9, "excluded_lines": 0, "percent_statements_covered": 0.0, "percent_statements_covered_display": "0.0", "num_branches": 4, "num_partial_branches": 0, "covered_branches": 0, "missing_branches": 4, "percent_branches_covered": 0.0, "percent_branches_covered_display": "0.0"}, "missing_lines": [183, 184, 185, 186, 187, 188, 189, 190, 192], "excluded_lines": [], "start_line": 182, "executed_branches": [], "missing_branches": [[185, 186], [185, 187], [188, 189], [188, 190]]}, "": {"executed_lines": [6, 8, 9, 10, 11, 13, 14, 16, 17, 20, 25, 26, 31, 32, 45, 46, 55, 56, 79, 80, 94, 95, 105, 106, 115, 116, 121, 122, 141, 142, 153, 154, 171, 172, 181, 182], "summary": {"covered_lines": 36, "num_statements": 36, "percent_covered": 100.0, "percent_covered_display": "100.0", "missing_lines": 0, "excluded_lines": 0, "percent_statements_covered": 100.0, "percent_statements_covered_display": "100.0", "num_branches": 0, "num_partial_branches": 0, "covered_branches": 0, "missing_branches": 0, "percent_branches_covered": 100.0, "percent_branches_covered_display": "100.0"}, "missing_lines": [], "excluded_lines": [], "start_line": 1, "executed_branches": [], "missing_branches": []}}, "classes": {"": {"executed_lines": [6, 8, 9, 10, 11, 13, 14, 16, 17, 20, 25, 26, 27, 28, 31, 32, 45, 46, 48, 49, 51, 52, 55, 56, 79, 80, 94, 95, 105, 106, 115, 116, 117, 118, 121, 122, 141, 142, 143, 144, 145, 146, 153, 154, 171, 172, 181, 182], "summary": {"covered_lines": 48, "num_statements": 141, "percent_covered": 27.027027027027028, "percent_covered_display": "27.0", "missing_lines": 93, "excluded_lines": 0, "percent_statements_covered": 34.04255319148936, "percent_statements_covered_display": "34.0", "num_branches": 44, "num_partial_branches": 2, "covered_branches": 2, "missing_branches": 42, "percent_branches_covered": 4.545454545454546, "percent_branches_covered_display": "4.5"}, "missing_lines": [21, 33, 34, 35, 39, 40, 42, 50, 57, 58, 59, 60, 61, 62, 63, 64, 65, 66, 67, 68, 69, 70, 71, 72, 73, 74, 75, 76, 81, 82, 83, 84, 85, 86, 87, 88, 89, 90, 91, 96, 97, 98, 99, 100, 102, 107, 108, 109, 110, 111, 123, 124, 125, 126, 127, 128, 129, 135, 136, 138, 147, 148, 149, 150, 155, 156, 157, 158, 159, 160, 161, 162, 163, 164, 165, 166, 167, 168, 173, 174, 175, 176, 177, 178, 183, 184, 185, 186, 187, 188, 189, 190, 192], "excluded_lines": [], "start_line": 1, "executed_branches": [[49, 51], [145, 146]], "missing_branches": [[49, 50], [59, 60], [59, 61], [61, 62], [61, 68], [63, 64], [63, 65], [68, 69], [68, 70], [73, 74], [73, 75], [83, 84], [83, 85], [86, 87], [86, 88], [88, 89], [88, 91], [97, 98], [97, 99], [108, 109], [108, 110], [124, 125], [124, 126], [126, 127], [126, 128], [145, 147], [157, 158], [157, 159], [159, 160], [159, 161], [162, 163], [162, 164], [164, 165], [164, 166], [166, 167], [166, 168], [174, 175], [174, 176], [185, 186], [185, 187], [188, 189], [188, 190]]}}}, "backend/routers/content.py": {"executed_lines": [21, 22, 23, 24, 26, 28, 29, 30, 31, 33, 34, 37, 39, 70, 77, 93, 97, 113, 114, 134, 135, 150, 151, 170, 171, 183, 184, 222, 223, 224, 225, 226, 229, 230], "summary": {"covered_lines": 34, "num_statements": 154, "percent_covered": 16.19047619047619, "percent_covered_display": "16.2", "missing_lines": 120, "excluded_lines": 0, "percent_statements_covered": 22.07792207792208, "percent_statements_covered_display": "22.1", "num_branches": 56, "num_partial_branches": 0, "covered_branches": 0, "missing_branches": 56, "percent_branches_covered": 0.0, "percent_branches_covered_display": "0.0"}, "missing_lines": [71, 72, 73, 74, 78, 79, 80, 81, 82, 83, 84, 85, 86, 87, 88, 89, 90, 94, 99, 100, 101, 102, 103, 104, 105, 106, 107, 108, 109, 110, 119, 121, 122, 123, 124, 126, 127, 128, 129, 130, 131, 136, 137, 138, 139, 140, 141, 142, 143, 144, 145, 147, 152, 153, 154, 155, 156, 157, 159, 160, 161, 162, 163, 164, 165, 167, 172, 173, 174, 175, 176, 177, 178, 180, 186, 187, 188, 189, 190, 191, 193, 194, 195, 196, 197, 198, 199, 200, 202, 203, 204, 205, 207, 208, 209, 210, 211, 212, 213, 214, 215, 216, 218, 232, 233, 234, 235, 236, 237, 238, 239, 240, 241, 242, 243, 244, 245, 246, 247, 249], "excluded_lines": [], "executed_branches": [], "missing_branches": [[72, 73], [72, 74], [79, 80], [79, 90], [80, 81], [80, 82], [83, 84], [83, 85], [85, 86], [85, 87], [87, 88], [87, 89], [100, 101], [100, 102], [103, 104], [103, 105], [106, 107], [106, 108], [109, -97], [109, 110], [126, 127], [126, 130], [142, 143], [142, 144], [155, 156], [155, 157], [159, 160], [159, 161], [161, 162], [161, 164], [175, 176], [175, 177], [189, 190], [189, 191], [194, 195], [194, 202], [198, 199], [198, 200], [202, 203], [202, 207], [203, 202], [203, 204], [207, 208], [207, 209], [209, 210], [209, 211], [211, 212], [211, 213], [232, 233], [232, 234], [235, 236], [235, 237], [238, 239], [238, 240], [240, 241], [240, 242]], "functions": {"_cfg": {"executed_lines": [], "summary": {"covered_lines": 0, "num_statements": 4, "percent_covered": 0.0, "percent_covered_display": "0.0", "missing_lines": 4, "excluded_lines": 0, "percent_statements_covered": 0.0, "percent_statements_covered_display": "0.0", "num_branches": 2, "num_partial_branches": 0, "covered_branches": 0, "missing_branches": 2, "percent_branches_covered": 0.0, "percent_branches_covered_display": "0.0"}, "missing_lines": [71, 72, 73, 74], "excluded_lines": [], "start_line": 70, "executed_branches": [], "missing_branches": [[72, 73], [72, 74]]}, "_clean": {"executed_lines": [], "summary": {"covered_lines": 0, "num_statements": 13, "percent_covered": 0.0, "percent_covered_display": "0.0", "missing_lines": 13, "excluded_lines": 0, "percent_statements_covered": 0.0, "percent_statements_covered_display": "0.0", "num_branches": 10, "num_partial_branches": 0, "covered_branches": 0, "missing_branches": 10, "percent_branches_covered": 0.0, "percent_branches_covered_display": "0.0"}, "missing_lines": [78, 79, 80, 81, 82, 83, 84, 85, 86, 87, 88, 89, 90], "excluded_lines": [], "start_line": 77, "executed_branches": [], "missing_branches": [[79, 80], [79, 90], [80, 81], [80, 82], [83, 84], [83, 85], [85, 86], [85, 87], [87, 88], [87, 89]]}, "_label": {"executed_lines": [], "summary": {"covered_lines": 0, "num_statements": 1, "percent_covered": 0.0, "percent_covered_display": "0.0", "missing_lines": 1, "excluded_lines": 0, "percent_statements_covered": 0.0, "percent_statements_covered_display": "0.0", "num_branches": 0, "num_partial_branches": 0, "covered_branches": 0, "missing_branches": 0, "percent_branches_covered": 100.0, "percent_branches_covered_display": "100.0"}, "missing_lines": [94], "excluded_lines": [], "start_line": 93, "executed_branches": [], "missing_branches": []}, "_ensure_unique_slug": {"executed_lines": [], "summary": {"covered_lines": 0, "num_statements": 12, "percent_covered": 0.0, "percent_covered_display": "0.0", "missing_lines": 12, "excluded_lines": 0, "percent_statements_covered": 0.0, "percent_statements_covered_display": "0.0", "num_branches": 8, "num_partial_branches": 0, "covered_branches": 0, "missing_branches": 8, "percent_branches_covered": 0.0, "percent_branches_covered_display": "0.0"}, "missing_lines": [99, 100, 101, 102, 103, 104, 105, 106, 107, 108, 109, 110], "excluded_lines": [], "start_line": 97, "executed_branches": [], "missing_branches": [[100, 101], [100, 102], [103, 104], [103, 105], [106, 107], [106, 108], [109, -97], [109, 110]]}, "list_content": {"executed_lines": [], "summary": {"covered_lines": 0, "num_statements": 11, "percent_covered": 0.0, "percent_covered_display": "0.0", "missing_lines": 11, "excluded_lines": 0, "percent_statements_covered": 0.0, "percent_statements_covered_display": "0.0", "num_branches": 2, "num_partial_branches": 0, "covered_branches": 0, "missing_branches": 2, "percent_branches_covered": 0.0, "percent_branches_covered_display": "0.0"}, "missing_lines": [119, 121, 122, 123, 124, 126, 127, 128, 129, 130, 131], "excluded_lines": [], "start_line": 114, "executed_branches": [], "missing_branches": [[126, 127], [126, 130]]}, "create_content": {"executed_lines": [], "summary": {"covered_lines": 0, "num_statements": 11, "percent_covered": 0.0, "percent_covered_display": "0.0", "missing_lines": 11, "excluded_lines": 0, "percent_statements_covered": 0.0, "percent_statements_covered_display": "0.0", "num_branches": 2, "num_partial_branches": 0, "covered_branches": 0, "missing_branches": 2, "percent_branches_covered": 0.0, "percent_branches_covered_display": "0.0"}, "missing_lines": [136, 137, 138, 139, 140, 141, 142, 143, 144, 145, 147], "excluded_lines": [], "start_line": 135, "executed_branches": [], "missing_branches": [[142, 143], [142, 144]]}, "update_content": {"executed_lines": [], "summary": {"covered_lines": 0, "num_statements": 14, "percent_covered": 0.0, "percent_covered_display": "0.0", "missing_lines": 14, "excluded_lines": 0, "percent_statements_covered": 0.0, "percent_statements_covered_display": "0.0", "num_branches": 6, "num_partial_branches": 0, "covered_branches": 0, "missing_branches": 6, "percent_branches_covered": 0.0, "percent_branches_covered_display": "0.0"}, "missing_lines": [152, 153, 154, 155, 156, 157, 159, 160, 161, 162, 163, 164, 165, 167], "excluded_lines": [], "start_line": 151, "executed_branches": [], "missing_branches": [[155, 156], [155, 157], [159, 160], [159, 161], [161, 162], [161, 164]]}, "delete_content": {"executed_lines": [], "summary": {"covered_lines": 0, "num_statements": 8, "percent_covered": 0.0, "percent_covered_display": "0.0", "missing_lines": 8, "excluded_lines": 0, "percent_statements_covered": 0.0, "percent_st
[...]
[64], "excluded_lines": [], "start_line": 63, "executed_branches": [], "missing_branches": []}, "MockProvider.__init__": {"executed_lines": [72], "summary": {"covered_lines": 1, "num_statements": 1, "percent_covered": 100.0, "percent_covered_display": "100.0", "missing_lines": 0, "excluded_lines": 0, "percent_statements_covered": 100.0, "percent_statements_covered_display": "100.0", "num_branches": 0, "num_partial_branches": 0, "covered_branches": 0, "missing_branches": 0, "percent_branches_covered": 100.0, "percent_branches_covered_display": "100.0"}, "missing_lines": [], "excluded_lines": [], "start_line": 71, "executed_branches": [], "missing_branches": []}, "MockProvider.send_text": {"executed_lines": [75], "summary": {"covered_lines": 1, "num_statements": 1, "percent_covered": 100.0, "percent_covered_display": "100.0", "missing_lines": 0, "excluded_lines": 0, "percent_statements_covered": 100.0, "percent_statements_covered_display": "100.0", "num_branches": 0, "num_partial_branches": 0, "covered_branches": 0, "missing_branches": 0, "percent_branches_covered": 100.0, "percent_branches_covered_display": "100.0"}, "missing_lines": [], "excluded_lines": [], "start_line": 74, "executed_branches": [], "missing_branches": []}, "MockProvider.send_template": {"executed_lines": [], "summary": {"covered_lines": 0, "num_statements": 3, "percent_covered": 0.0, "percent_covered_display": "0.0", "missing_lines": 3, "excluded_lines": 0, "percent_statements_covered": 0.0, "percent_statements_covered_display": "0.0", "num_branches": 0, "num_partial_branches": 0, "covered_branches": 0, "missing_branches": 0, "percent_branches_covered": 100.0, "percent_branches_covered_display": "100.0"}, "missing_lines": [79, 80, 81], "excluded_lines": [], "start_line": 78, "executed_branches": [], "missing_branches": []}, "MockProvider.parse_webhook": {"executed_lines": [], "summary": {"covered_lines": 0, "num_statements": 5, "percent_covered": 0.0, "percent_covered_display": "0.0", "missing_lines": 5, "excluded_lines": 0, "percent_statements_covered": 0.0, "percent_statements_covered_display": "0.0", "num_branches": 4, "num_partial_branches": 0, "covered_branches": 0, "missing_branches": 4, "percent_branches_covered": 0.0, "percent_branches_covered_display": "0.0"}, "missing_lines": [85, 86, 87, 88, 90], "excluded_lines": [], "start_line": 83, "executed_branches": [], "missing_branches": [[85, 86], [85, 87], [87, 88], [87, 90]]}, "MetaCloudProvider.__init__": {"executed_lines": [], "summary": {"covered_lines": 0, "num_statements": 1, "percent_covered": 0.0, "percent_covered_display": "0.0", "missing_lines": 1, "excluded_lines": 0, "percent_statements_covered": 0.0, "percent_statements_covered_display": "0.0", "num_branches": 0, "num_partial_branches": 0, "covered_branches": 0, "missing_branches": 0, "percent_branches_covered": 100.0, "percent_branches_covered_display": "100.0"}, "missing_lines": [102], "excluded_lines": [], "start_line": 101, "executed_branches": [], "missing_branches": []}, "MetaCloudProvider._meta": {"executed_lines": [], "summary": {"covered_lines": 0, "num_statements": 1, "percent_covered": 0.0, "percent_covered_display": "0.0", "missing_lines": 1, "excluded_lines": 0, "percent_statements_covered": 0.0, "percent_statements_covered_display": "0.0", "num_branches": 0, "num_partial_branches": 0, "covered_branches": 0, "missing_branches": 0, "percent_branches_covered": 100.0, "percent_branches_covered_display": "100.0"}, "missing_lines": [105], "excluded_lines": [], "start_line": 104, "executed_branches": [], "missing_branches": []}, "MetaCloudProvider._ready": {"executed_lines": [], "summary": {"covered_lines": 0, "num_statements": 2, "percent_covered": 0.0, "percent_covered_display": "0.0", "missing_lines": 2, "excluded_lines": 0, "percent_statements_covered": 0.0, "percent_statements_covered_display": "0.0", "num_branches": 0, "num_partial_branches": 0, "covered_branches": 0, "missing_branches": 0, "percent_branches_covered": 100.0, "percent_branches_covered_display": "100.0"}, "missing_lines": [108, 109], "excluded_lines": [], "start_line": 107, "executed_branches": [], "missing_branches": []}, "MetaCloudProvider._digits": {"executed_lines": [], "summary": {"covered_lines": 0, "num_statements": 1, "percent_covered": 0.0, "percent_covered_display": "0.0", "missing_lines": 1, "excluded_lines": 0, "percent_statements_covered": 0.0, "percent_statements_covered_display": "0.0", "num_branches": 0, "num_partial_branches": 0, "covered_branches": 0, "missing_branches": 0, "percent_branches_covered": 100.0, "percent_branches_covered_display": "100.0"}, "missing_lines": [113], "excluded_lines": [], "start_line": 112, "executed_branches": [], "missing_branches": []}, "MetaCloudProvider._post": {"executed_lines": [], "summary": {"covered_lines": 0, "num_statements": 24, "percent_covered": 0.0, "percent_covered_display": "0.0", "missing_lines": 24, "excluded_lines": 0, "percent_statements_covered": 0.0, "percent_statements_covered_display": "0.0", "num_branches": 4, "num_partial_branches": 0, "covered_branches": 0, "missing_branches": 4, "percent_branches_covered": 0.0, "percent_branches_covered_display": "0.0"}, "missing_lines": [116, 117, 118, 120, 121, 122, 123, 124, 125, 126, 127, 128, 129, 130, 131, 132, 133, 134, 135, 136, 137, 138, 140, 141], "excluded_lines": [], "start_line": 115, "executed_branches": [], "missing_branches": [[117, 118], [117, 120], [130, 131], [130, 133]]}, "MetaCloudProvider.send_text": {"executed_lines": [], "summary": {"covered_lines": 0, "num_statements": 1, "percent_covered": 0.0, "percent_covered_display": "0.0", "missing_lines": 1, "excluded_lines": 0, "percent_statements_covered": 0.0, "percent_statements_covered_display": "0.0", "num_branches": 0, "num_partial_branches": 0, "covered_branches": 0, "missing_branches": 0, "percent_branches_covered": 100.0, "percent_branches_covered_display": "100.0"}, "missing_lines": [145], "excluded_lines": [], "start_line": 144, "executed_branches": [], "missing_branches": []}, "MetaCloudProvider.send_template": {"executed_lines": [], "summary": {"covered_lines": 0, "num_statements": 1, "percent_covered": 0.0, "percent_covered_display": "0.0", "missing_lines": 1, "excluded_lines": 0, "percent_statements_covered": 0.0, "percent_statements_covered_display": "0.0", "num_branches": 0, "num_partial_branches": 0, "covered_branches": 0, "missing_branches": 0, "percent_branches_covered": 100.0, "percent_branches_covered_display": "100.0"}, "missing_lines": [152], "excluded_lines": [], "start_line": 149, "executed_branches": [], "missing_branches": []}, "MetaCloudProvider.parse_webhook": {"executed_lines": [], "summary": {"covered_lines": 0, "num_statements": 1, "percent_covered": 0.0, "percent_covered_display": "0.0", "missing_lines": 1, "excluded_lines": 0, "percent_statements_covered": 0.0, "percent_statements_covered_display": "0.0", "num_branches": 0, "num_partial_branches": 0, "covered_branches": 0, "missing_branches": 0, "percent_branches_covered": 100.0, "percent_branches_covered_display": "100.0"}, "missing_lines": [155], "excluded_lines": [], "start_line": 154, "executed_branches": [], "missing_branches": []}, "_parse_meta_envelope": {"executed_lines": [], "summary": {"covered_lines": 0, "num_statements": 13, "percent_covered": 0.0, "percent_covered_display": "0.0", "missing_lines": 13, "excluded_lines": 0, "percent_statements_covered": 0.0, "percent_statements_covered_display": "0.0", "num_branches": 6, "num_partial_branches": 0, "covered_branches": 0, "missing_branches": 6, "percent_branches_covered": 0.0, "percent_branches_covered_display": "0.0"}, "missing_lines": [160, 161, 162, 163, 164, 165, 167, 168, 169, 170, 172, 173, 174], "excluded_lines": [], "start_line": 158, "executed_branches": [], "missing_branches": [[162, 163], [162, 174], [163, 162], [163, 164], [167, 163], [167, 168]]}, "get_config": {"executed_lines": [181, 182, 183, 184, 185, 186, 187, 188], "summary": {"covered_lines": 8, "num_statements": 8, "percent_covered": 90.0, "percent_covered_display": "90.0", "missing_lines": 0, "excluded_lines": 0, "percent_statements_covered": 100.0, "percent_statements_covered_display": "100.0", "num_branches": 2, "num_partial_branches": 1, "covered_branches": 1, "missing_branches": 1, "percent_branches_covered": 50.0, "percent_branches_covered_display": "50.0"}, "missing_lines": [], "excluded_lines": [], "start_line": 180, "executed_branches": [[183, 184]], "missing_branches": [[183, 188]]}, "get_templates": {"executed_lines": [192, 193, 194], "summary": {"covered_lines": 3, "num_statements": 4, "percent_covered": 66.66666666666667, "percent_covered_display": "66.7", "missing_lines": 1, "excluded_lines": 0, "percent_statements_covered": 75.0, "percent_statements_covered_display": "75.0", "num_branches": 2, "num_partial_branches": 1, "covered_branches": 1, "missing_branches": 1, "percent_branches_covered": 50.0, "percent_branches_covered_display": "50.0"}, "missing_lines": [195], "excluded_lines": [], "start_line": 191, "executed_branches": [[193, 194]], "missing_branches": [[193, 195]]}, "_provider_for": {"executed_lines": [199, 200, 202], "summary": {"covered_lines": 3, "num_statements": 4, "percent_covered": 66.66666666666667, "percent_covered_display": "66.7", "missing_lines": 1, "excluded_lines": 0, "percent_statements_covered": 75.0, "percent_statements_covered_display": "75.0", "num_branches": 2, "num_partial_branches": 1, "covered_branches": 1, "missing_branches": 1, "percent_branches_covered": 50.0, "percent_branches_covered_display": "50.0"}, "missing_lines": [201], "excluded_lines": [], "start_line": 198, "executed_branches": [[200, 202]], "missing_branches": [[200, 201]]}, "_company_name": {"executed_lines": [206, 207, 208], "summary": {"covered_lines": 3, "num_statements": 4, "percent_covered": 66.66666666666667, "percent_covered_display": "66.7", "missing_lines": 1, "excluded_lines": 0, "percent_statements_covered": 75.0, "percent_statements_covered_display": "75.0", "num_branches": 2, "num_partial_branches": 1, "covered_branches": 1, "missing_branches": 1, "percent_branches_covered": 50.0, "percent_branches_covered_display": "50.0"}, "missing_lines": [209], "excluded_lines": [], "start_line": 205, "executed_branches": [[207, 208]], "missing_branches": [[207, 209]]}, "_within_session": {"executed_lines": [213, 214], "summary": {"covered_lines": 2, "num_statements": 2, "percent_covered": 100.0, "percent_covered_display": "100.0", "missing_lines": 0, "excluded_lines": 0, "percent_statements_covered": 100.0, "percent_statements_covered_display": "100.0", "num_branches": 0, "num_partial_branches": 0, "covered_branches": 0, "missing_branches": 0, "percent_branches_covered": 100.0, "percent_branches_covered_display": "100.0"}, "missing_lines": [], "excluded_lines": [], "start_line": 212, "executed_branches": [], "missing_branches": []}, "ensure_conversation": {"executed_lines": [218, 219, 220, 221, 224, 226, 227, 228, 230, 232, 235, 236, 237, 244, 245], "summary": {"covered_lines": 15, "num_statements": 21, "percent_covered": 68.96551724137932, "percent_covered_display": "69.0", "missing_lines": 6, "excluded_lines": 0, "percent_statements_covered": 71.42857142857143, "percent_statements_covered_display": "71.4", "num_branches": 8, "num_partial_branches": 3, "covered_branches": 5, "missing_branches": 3, "percent_branches_covered": 62.5, "percent_branches_covered_display": "62.5"}, "missing_lines": [222, 223, 229, 231, 233, 234], "excluded_lines": [], "start_line": 217, "executed_branches": [[226, 227], [226, 236], [228, 230], [230, 232], [232, 235]], "missing_branches": [[228, 229], [230, 231], [232, 233]]}, "send_wa": {"executed_lines": [252, 253, 254, 255, 256, 257, 258, 259, 264, 265, 267, 268, 270, 271, 273, 275, 276, 277, 280, 283, 284, 285, 286, 294, 295, 298], "summary": {"covered_lines": 26, "num_statements": 39, "percent_covered": 60.37735849056604, "percent_covered_display": "60.4", "missing_lines": 13, "excluded_lines": 0, "percent_statements_covered": 66.66666666666667, "percent_statements_covered_display": "66.7", "num_branches": 14, "num_partial_branches": 6, "covered_branches": 6, "missing_branches": 8, "percent_branches_covered": 42.857142857142854, "percent_branches_covered_display": "42.9"}, "missing_lines": [260, 261, 262, 263, 266, 269, 274, 278, 281, 282, 301, 302, 303], "excluded_lines": [], "start_line": 248, "executed_branches": [[259, 264], [265, 267], [268, 270], [270, 271], [273, 275], [277, 280]], "missing_branches": [[259, 260], [262, 263], [262, 264], [265, 266], [268, 269], [270, 273], [273, 274], [277, 278]]}, "_maybe_auto_reply": {"executed_lines": [], "summary": {"covered_lines": 0, "num_statements": 13, "percent_covered": 0.0, "percent_covered_display": "0.0", "missing_lines": 13, "excluded_lines": 0, "percent_statements_covered": 0.0, "percent_statements_covered_display": "0.0", "num_branches": 4, "num_partial_branches": 0, "covered_branches": 0, "missing_branches": 4, "percent_branches_covered": 0.0, "percent_branches_covered_display": "0.0"}, "missing_lines": [307, 308, 309, 310, 311, 312, 313, 314, 315, 316, 317, 318, 319], "excluded_lines": [], "start_line": 306, "executed_branches": [], "missing_branches": [[307, 308], [307, 309], [315, 316], [315, 319]]}, "handle_inbound": {"executed_lines": [], "summary": {"covered_lines": 0, "num_statements": 34, "percent_covered": 0.0, "percent_covered_display": "0.0", "missing_lines": 34, "excluded_lines": 0, "percent_statements_covered": 0.0, "percent_statements_covered_display": "0.0", "num_branches": 4, "num_partial_branches": 0, "covered_branches": 0, "missing_branches": 4, "percent_branches_covered": 0.0, "percent_branches_covered_display": "0.0"}, "missing_lines": [325, 326, 327, 328, 329, 330, 331, 332, 333, 334, 336, 338, 341, 342, 343, 344, 345, 353, 354, 355, 356, 357, 358, 359, 365, 366, 367, 371, 372, 373, 374, 379, 380, 381], "excluded_lines": [], "start_line": 323, "executed_branches": [], "missing_branches": [[327, 328], [327, 329], [342, 343], [342, 358]]}, "verify_signature": {"executed_lines": [], "summary": {"covered_lines": 0, "num_statements": 6, "percent_covered": 0.0, "percent_covered_display": "0.0", "missing_lines": 6, "excluded_lines": 0, "percent_statements_covered": 0.0, "percent_statements_covered_display": "0.0", "num_branches": 4, "num_partial_branches": 0, "covered_branches": 0, "missing_branches": 4, "percent_branches_covered": 0.0, "percent_branches_covered_display": "0.0"}, "missing_lines": [386, 387, 388, 389, 390, 391], "excluded_lines": [], "start_line": 384, "executed_branches": [], "missing_branches": [[386, 387], [386, 388], [388, 389], [388, 390]]}, "": {"executed_lines": [14, 15, 16, 17, 18, 20, 22, 23, 24, 26, 28, 39, 54, 55, 57, 60, 63, 67, 69, 71, 74, 78, 83, 93, 98, 99, 101, 104, 107, 111, 112, 115, 144, 149, 154, 158, 180, 191, 198, 205, 212, 217, 248, 306, 323, 384], "summary": {"covered_lines": 46, "num_statements": 46, "percent_covered": 100.0, "percent_covered_display": "100.0", "missing_lines": 0, "excluded_lines": 0, "percent_statements_covered": 100.0, "percent_statements_covered_display": "100.0", "num_branches": 0, "num_partial_branches": 0, "covered_branches": 0, "missing_branches": 0, "percent_branches_covered": 100.0, "percent_branches_covered_display": "100.0"}, "missing_lines": [], "excluded_lines": [], "start_line": 1, "executed_branches": [], "missing_branches": []}}, "classes": {"WhatsAppProvider": {"executed_lines": [], "summary": {"covered_lines": 0, "num_statements": 3, "percent_covered": 0.0, "percent_covered_display": "0.0", "missing_lines": 3, "excluded_lines": 0, "percent_statements_covered": 0.0, "percent_statements_covered_display": "0.0", "num_branches": 0, "num_partial_branches": 0, "covered_branches": 0, "missing_branches": 0, "percent_branches_covered": 100.0, "percent_branches_covered_display": "100.0"}, "missing_lines": [58, 61, 64], "excluded_lines": [], "start_line": 54, "executed_branches": [], "missing_branches": []}, "MockProvider": {"executed_lines": [72, 75], "summary": {"covered_lines": 2, "num_statements": 10, "percent_covered": 14.285714285714286, "percent_covered_display": "14.3", "missing_lines": 8, "excluded_lines": 0, "percent_statements_covered": 20.0, "percent_statements_covered_display": "20.0", "num_branches": 4, "num_partial_branches": 0, "covered_branches": 0, "missing_branches": 4, "percent_branches_covered": 0.0, "percent_branches_covered_display": "0.0"}, "missing_lines": [79, 80, 81, 85, 86, 87, 88, 90], "excluded_lines": [], "start_line": 67, "executed_branches": [], "missing_branches": [[85, 86], [85, 87], [87, 88], [87, 90]]}, "MetaCloudProvider": {"executed_lines": [], "summary": {"covered_lines": 0, "num_statements": 32, "percent_covered": 0.0, "percent_covered_display": "0.0", "missing_lines": 32, "excluded_lines": 0, "percent_statements_covered": 0.0, "percent_statements_covered_display": "0.0", "num_branches": 4, "num_partial_branches": 0, "covered_branches": 0, "missing_branches": 4, "percent_branches_covered": 0.0, "percent_branches_covered_display": "0.0"}, "missing_lines": [102, 105, 108, 109, 113, 116, 117, 118, 120, 121, 122, 123, 124, 125, 126, 127, 128, 129, 130, 131, 132, 133, 134, 135, 136, 137, 138, 140, 141, 145, 152, 155], "excluded_lines": [], "start_line": 93, "executed_branches": [], "missing_branches": [[117, 118], [117, 120], [130, 131], [130, 133]]}, "": {"executed_lines": [14, 15, 16, 17, 18, 20, 22, 23, 24, 26, 28, 39, 54, 55, 57, 60, 63, 67, 69, 71, 74, 78, 83, 93, 98, 99, 101, 104, 107, 111, 112, 115, 144, 149, 154, 158, 180, 181, 182, 183, 184, 185, 186, 187, 188, 191, 192, 193, 194, 198, 199, 200, 202, 205, 206, 207, 208, 212, 213, 214, 217, 218, 219, 220, 221, 224, 226, 227, 228, 230, 232, 235, 236, 237, 244, 245, 248, 252, 253, 254, 255, 256, 257, 258, 259, 264, 265, 267, 268, 270, 271, 273, 275, 276, 277, 280, 283, 284, 285, 286, 294, 295, 298, 306, 323, 384], "summary": {"covered_lines": 106, "num_statements": 194, "percent_covered": 50.0, "percent_covered_display": "50.0", "missing_lines": 88, "excluded_lines": 0, "percent_statements_covered": 54.63917525773196, "percent_statements_covered_display": "54.6", "num_branches": 48, "num_partial_branches": 13, "covered_branches": 15, "missing_branches": 33, "percent_branches_covered": 31.25, "percent_branches_covered_display": "31.2"}, "missing_lines": [160, 161, 162, 163, 164, 165, 167, 168, 169, 170, 172, 173, 174, 195, 201, 209, 222, 223, 229, 231, 233, 234, 260, 261, 262, 263, 266, 269, 274, 278, 281, 282, 301, 302, 303, 307, 308, 309, 310, 311, 312, 313, 314, 315, 316, 317, 318, 319, 325, 326, 327, 328, 329, 330, 331, 332, 333, 334, 336, 338, 341, 342, 343, 344, 345, 353, 354, 355, 356, 357, 358, 359, 365, 366, 367, 371, 372, 373, 374, 379, 380, 381, 386, 387, 388, 389, 390, 391], "excluded_lines": [], "start_line": 1, "executed_branches": [[183, 184], [193, 194], [200, 202], [207, 208], [226, 227], [226, 236], [228, 230], [230, 232], [232, 235], [259, 264], [265, 267], [268, 270], [270, 271], [273, 275], [277, 280]], "missing_branches": [[162, 163], [162, 174], [163, 162], [163, 164], [167, 163], [167, 168], [183, 188], [193, 195], [200, 201], [207, 209], [228, 229], [230, 231], [232, 233], [259, 260], [262, 263], [262, 264], [265, 266], [268, 269], [270, 273], [273, 274], [277, 278], [307, 308], [307, 309], [315, 316], [315, 319], [327, 328], [327, 329], [342, 343], [342, 358], [386, 387], [386, 388], [388, 389], [388, 390]]}}}}, "totals": {"covered_lines": 3750, "num_statements": 7196, "percent_covered": 46.40042598509052, "percent_covered_display": "46.4", "missing_lines": 3446, "excluded_lines": 0, "percent_statements_covered": 52.112284602556976, "percent_statements_covered_display": "52.1", "num_branches": 2194, "num_partial_branches": 277, "covered_branches": 607, "missing_branches": 1587, "percent_branches_covered": 27.666362807657247, "percent_branches_covered_display": "27.7"}}